{"numFailedTestSuites":3,"numFailedTests":9,"numPassedTestSuites":3,"numPassedTests":37,"numPendingTestSuites":0,"numPendingTests":0,"numRuntimeErrorTestSuites":0,"numTodoTests":0,"numTotalTestSuites":6,"numTotalTests":46,"openHandles":[],"snapshot":{"added":0,"didUpdate":false,"failure":false,"filesAdded":0,"filesRemoved":0,"filesRemovedList":[],"filesUnmatched":0,"filesUpdated":0,"matched":0,"total":0,"unchecked":0,"uncheckedKeysByFile":[],"unmatched":0,"updated":0},"startTime":1764871142902,"success":false,"testResults":[{"assertionResults":[{"ancestorTitles":["Order Model Unit Tests","Order Creation"],"duration":406,"failureDetails":[{"matcherResult":{"expected":"pending","message":"expect(received).toBe(expected) // Object.is equality\n\nExpected: \"pending\"\nReceived: undefined","name":"toBe","pass":false}}],"failureMessages":["Error: expect(received).toBe(expected) // Object.is equality\n\nExpected: \"pending\"\nReceived: undefined\n    at Object.toBe (D:\\cnpm\\CNPM-3\\CNPM\\DroneDelivery-main\\BackEnd\\__tests__\\unit\\order.model.test.js:71:28)\n    at processTicksAndRejections (node:internal/process/task_queues:105:5)"],"fullName":"Order Model Unit Tests Order Creation should create a new order with valid data","invocations":1,"location":null,"numPassingAsserts":4,"retryReasons":[],"status":"failed","title":"should create a new order with valid data"},{"ancestorTitles":["Order Model Unit Tests","Order Creation"],"duration":208,"failureDetails":[],"failureMessages":[],"fullName":"Order Model Unit Tests Order Creation should fail without required fields","invocations":1,"location":null,"numPassingAsserts":2,"retryReasons":[],"status":"passed","title":"should fail without required fields"},{"ancestorTitles":["Order Model Unit Tests","Order Creation"],"duration":212,"failureDetails":[],"failureMessages":[],"fullName":"Order Model Unit Tests Order Creation should calculate subtotal correctly","invocations":1,"location":null,"numPassingAsserts":1,"retryReasons":[],"status":"passed","title":"should calculate subtotal correctly"},{"ancestorTitles":["Order Model Unit Tests","Order Status Updates"],"duration":273,"failureDetails":[],"failureMessages":[],"fullName":"Order Model Unit Tests Order Status Updates should update order status","invocations":1,"location":null,"numPassingAsserts":1,"retryReasons":[],"status":"passed","title":"should update order status"},{"ancestorTitles":["Order Model Unit Tests","Order Status Updates"],"duration":211,"failureDetails":[],"failureMessages":[],"fullName":"Order Model Unit Tests Order Status Updates should only allow valid status values","invocations":1,"location":null,"numPassingAsserts":1,"retryReasons":[],"status":"passed","title":"should only allow valid status values"},{"ancestorTitles":["Order Model Unit Tests","Order Queries"],"duration":243,"failureDetails":[],"failureMessages":[],"fullName":"Order Model Unit Tests Order Queries should find orders by user","invocations":1,"location":null,"numPassingAsserts":1,"retryReasons":[],"status":"passed","title":"should find orders by user"},{"ancestorTitles":["Order Model Unit Tests","Order Queries"],"duration":243,"failureDetails":[],"failureMessages":[],"fullName":"Order Model Unit Tests Order Queries should find orders by status","invocations":1,"location":null,"numPassingAsserts":2,"retryReasons":[],"status":"passed","title":"should find orders by status"}],"endTime":1764871149602,"message":"  ● Order Model Unit Tests › Order Creation › should create a new order with valid data\n\n    expect(received).toBe(expected) // Object.is equality\n\n    Expected: \"pending\"\n    Received: undefined\n\n    \u001b[0m \u001b[90m 69 |\u001b[39m       expect(order\u001b[33m.\u001b[39morderItems)\u001b[33m.\u001b[39mtoHaveLength(\u001b[35m1\u001b[39m)\u001b[33m;\u001b[39m\n     \u001b[90m 70 |\u001b[39m       expect(order\u001b[33m.\u001b[39mtotalAmount)\u001b[33m.\u001b[39mtoBe(\u001b[35m100000\u001b[39m)\u001b[33m;\u001b[39m\n    \u001b[31m\u001b[1m>\u001b[22m\u001b[39m\u001b[90m 71 |\u001b[39m       expect(order\u001b[33m.\u001b[39mstatus)\u001b[33m.\u001b[39mtoBe(\u001b[32m'pending'\u001b[39m)\u001b[33m;\u001b[39m\n     \u001b[90m    |\u001b[39m                            \u001b[31m\u001b[1m^\u001b[22m\u001b[39m\n     \u001b[90m 72 |\u001b[39m     })\u001b[33m;\u001b[39m\n     \u001b[90m 73 |\u001b[39m\n     \u001b[90m 74 |\u001b[39m     it(\u001b[32m'should fail without required fields'\u001b[39m\u001b[33m,\u001b[39m \u001b[36masync\u001b[39m () \u001b[33m=>\u001b[39m {\u001b[0m\n\n      at Object.toBe (__tests__/unit/order.model.test.js:71:28)\n","name":"D:\\cnpm\\CNPM-3\\CNPM\\DroneDelivery-main\\BackEnd\\__tests__\\unit\\order.model.test.js","startTime":1764871143039,"status":"failed","summary":""},{"assertionResults":[{"ancestorTitles":["Order API Integration Tests","POST /api/order/create"],"duration":539,"failureDetails":[{}],"failureMessages":["Error: expected \"Content-Type\" matching /json/, got \"text/html; charset=utf-8\"\n    at Object.expect (D:\\cnpm\\CNPM-3\\CNPM\\DroneDelivery-main\\BackEnd\\__tests__\\integration\\order.api.test.js:84:10)\n    at Promise.then.completed (D:\\cnpm\\CNPM-3\\CNPM\\DroneDelivery-main\\BackEnd\\node_modules\\jest-circus\\build\\utils.js:298:28)\n    at new Promise (<anonymous>)\n    at callAsyncCircusFn (D:\\cnpm\\CNPM-3\\CNPM\\DroneDelivery-main\\BackEnd\\node_modules\\jest-circus\\build\\utils.js:231:10)\n    at _callCircusTest (D:\\cnpm\\CNPM-3\\CNPM\\DroneDelivery-main\\BackEnd\\node_modules\\jest-circus\\build\\run.js:316:40)\n    at processTicksAndRejections (node:internal/process/task_queues:105:5)\n    at _runTest (D:\\cnpm\\CNPM-3\\CNPM\\DroneDelivery-main\\BackEnd\\node_modules\\jest-circus\\build\\run.js:252:3)\n    at _runTestsForDescribeBlock (D:\\cnpm\\CNPM-3\\CNPM\\DroneDelivery-main\\BackEnd\\node_modules\\jest-circus\\build\\run.js:126:9)\n    at _runTestsForDescribeBlock (D:\\cnpm\\CNPM-3\\CNPM\\DroneDelivery-main\\BackEnd\\node_modules\\jest-circus\\build\\run.js:121:9)\n    at _runTestsForDescribeBlock (D:\\cnpm\\CNPM-3\\CNPM\\DroneDelivery-main\\BackEnd\\node_modules\\jest-circus\\build\\run.js:121:9)\n    at run (D:\\cnpm\\CNPM-3\\CNPM\\DroneDelivery-main\\BackEnd\\node_modules\\jest-circus\\build\\run.js:71:3)\n    at runAndTransformResultsToJestFormat (D:\\cnpm\\CNPM-3\\CNPM\\DroneDelivery-main\\BackEnd\\node_modules\\jest-circus\\build\\legacy-code-todo-rewrite\\jestAdapterInit.js:122:21)\n    at jestAdapter (D:\\cnpm\\CNPM-3\\CNPM\\DroneDelivery-main\\BackEnd\\node_modules\\jest-circus\\build\\legacy-code-todo-rewrite\\jestAdapter.js:79:19)\n    at runTestInternal (D:\\cnpm\\CNPM-3\\CNPM\\DroneDelivery-main\\BackEnd\\node_modules\\jest-runner\\build\\runTest.js:367:16)\n    at runTest (D:\\cnpm\\CNPM-3\\CNPM\\DroneDelivery-main\\BackEnd\\node_modules\\jest-runner\\build\\runTest.js:444:34)\n----\n    at Test._assertHeader (D:\\cnpm\\CNPM-3\\CNPM\\DroneDelivery-main\\BackEnd\\node_modules\\supertest\\lib\\test.js:232:16)\n    at D:\\cnpm\\CNPM-3\\CNPM\\DroneDelivery-main\\BackEnd\\node_modules\\supertest\\lib\\test.js:308:13\n    at Test._assertFunction (D:\\cnpm\\CNPM-3\\CNPM\\DroneDelivery-main\\BackEnd\\node_modules\\supertest\\lib\\test.js:285:13)\n    at Test.assert (D:\\cnpm\\CNPM-3\\CNPM\\DroneDelivery-main\\BackEnd\\node_modules\\supertest\\lib\\test.js:164:23)\n    at Server.localAssert (D:\\cnpm\\CNPM-3\\CNPM\\DroneDelivery-main\\BackEnd\\node_modules\\supertest\\lib\\test.js:120:14)\n    at Object.onceWrapper (node:events:633:28)\n    at Server.emit (node:events:519:28)\n    at emitCloseNT (node:net:2419:8)\n    at processTicksAndRejections (node:internal/process/task_queues:89:21)"],"fullName":"Order API Integration Tests POST /api/order/create should create a new order","invocations":1,"location":null,"numPassingAsserts":0,"retryReasons":[],"status":"failed","title":"should create a new order"},{"ancestorTitles":["Order API Integration Tests","POST /api/order/create"],"duration":235,"failureDetails":[],"failureMessages":[],"fullName":"Order API Integration Tests POST /api/order/create should fail without authentication","invocations":1,"location":null,"numPassingAsserts":1,"retryReasons":[],"status":"passed","title":"should fail without authentication"},{"ancestorTitles":["Order API Integration Tests","GET /api/order/user-orders"],"duration":497,"failureDetails":[{"matcherResult":{"message":"expect(received).toBeLessThan(expected)\n\nExpected: < 500\nReceived:   500","pass":false}}],"failureMessages":["Error: expect(received).toBeLessThan(expected)\n\nExpected: < 500\nReceived:   500\n    at Object.toBeLessThan (D:\\cnpm\\CNPM-3\\CNPM\\DroneDelivery-main\\BackEnd\\__tests__\\integration\\order.api.test.js:135:31)\n    at processTicksAndRejections (node:internal/process/task_queues:105:5)"],"fullName":"Order API Integration Tests GET /api/order/user-orders should get user orders","invocations":1,"location":null,"numPassingAsserts":1,"retryReasons":[],"status":"failed","title":"should get user orders"},{"ancestorTitles":["Order API Integration Tests","GET /api/order/user-orders"],"duration":256,"failureDetails":[],"failureMessages":[],"fullName":"Order API Integration Tests GET /api/order/user-orders should fail without authentication","invocations":1,"location":null,"numPassingAsserts":1,"retryReasons":[],"status":"passed","title":"should fail without authentication"},{"ancestorTitles":["Order API Integration Tests","PUT /api/order/:orderId/status"],"duration":316,"failureDetails":[],"failureMessages":[],"fullName":"Order API Integration Tests PUT /api/order/:orderId/status should update order status","invocations":1,"location":null,"numPassingAsserts":2,"retryReasons":[],"status":"passed","title":"should update order status"},{"ancestorTitles":["Order API Integration Tests","PUT /api/order/:orderId/status"],"duration":276,"failureDetails":[],"failureMessages":[],"fullName":"Order API Integration Tests PUT /api/order/:orderId/status should fail with invalid order ID","invocations":1,"location":null,"numPassingAsserts":1,"retryReasons":[],"status":"passed","title":"should fail with invalid order ID"}],"endTime":1764871154452,"message":"  ● Order API Integration Tests › POST /api/order/create › should create a new order\n\n    expected \"Content-Type\" matching /json/, got \"text/html; charset=utf-8\"\n\n    \u001b[0m \u001b[90m 82 |\u001b[39m         \u001b[33m.\u001b[39m\u001b[36mset\u001b[39m(\u001b[32m'Cookie'\u001b[39m\u001b[33m,\u001b[39m [\u001b[32m`token=${authToken}`\u001b[39m])\n     \u001b[90m 83 |\u001b[39m         \u001b[33m.\u001b[39msend(orderData)\n    \u001b[31m\u001b[1m>\u001b[22m\u001b[39m\u001b[90m 84 |\u001b[39m         \u001b[33m.\u001b[39mexpect(\u001b[32m'Content-Type'\u001b[39m\u001b[33m,\u001b[39m \u001b[35m/json/\u001b[39m)\u001b[33m;\u001b[39m\n     \u001b[90m    |\u001b[39m          \u001b[31m\u001b[1m^\u001b[22m\u001b[39m\n     \u001b[90m 85 |\u001b[39m\n     \u001b[90m 86 |\u001b[39m       expect(response\u001b[33m.\u001b[39mstatus)\u001b[33m.\u001b[39mtoBeGreaterThanOrEqual(\u001b[35m200\u001b[39m)\u001b[33m;\u001b[39m\n     \u001b[90m 87 |\u001b[39m       expect(response\u001b[33m.\u001b[39mstatus)\u001b[33m.\u001b[39mtoBeLessThan(\u001b[35m500\u001b[39m)\u001b[33m;\u001b[39m\u001b[0m\n\n      at Object.expect (__tests__/integration/order.api.test.js:84:10)\n      ----\n      at Test._assertHeader (node_modules/supertest/lib/test.js:232:16)\n      at node_modules/supertest/lib/test.js:308:13\n      at Test._assertFunction (node_modules/supertest/lib/test.js:285:13)\n      at Test.assert (node_modules/supertest/lib/test.js:164:23)\n      at Server.localAssert (node_modules/supertest/lib/test.js:120:14)\n\n  ● Order API Integration Tests › GET /api/order/user-orders › should get user orders\n\n    expect(received).toBeLessThan(expected)\n\n    Expected: < 500\n    Received:   500\n\n    \u001b[0m \u001b[90m 133 |\u001b[39m\n     \u001b[90m 134 |\u001b[39m       expect(response\u001b[33m.\u001b[39mstatus)\u001b[33m.\u001b[39mtoBeGreaterThanOrEqual(\u001b[35m200\u001b[39m)\u001b[33m;\u001b[39m\n    \u001b[31m\u001b[1m>\u001b[22m\u001b[39m\u001b[90m 135 |\u001b[39m       expect(response\u001b[33m.\u001b[39mstatus)\u001b[33m.\u001b[39mtoBeLessThan(\u001b[35m500\u001b[39m)\u001b[33m;\u001b[39m\n     \u001b[90m     |\u001b[39m                               \u001b[31m\u001b[1m^\u001b[22m\u001b[39m\n     \u001b[90m 136 |\u001b[39m     })\u001b[33m;\u001b[39m\n     \u001b[90m 137 |\u001b[39m\n     \u001b[90m 138 |\u001b[39m     it(\u001b[32m'should fail without authentication'\u001b[39m\u001b[33m,\u001b[39m \u001b[36masync\u001b[39m () \u001b[33m=>\u001b[39m {\u001b[0m\n\n      at Object.toBeLessThan (__tests__/integration/order.api.test.js:135:31)\n","name":"D:\\cnpm\\CNPM-3\\CNPM\\DroneDelivery-main\\BackEnd\\__tests__\\integration\\order.api.test.js","startTime":1764871149632,"status":"failed","summary":""},{"assertionResults":[{"ancestorTitles":["Drone API Integration Tests","POST /api/drone/create"],"duration":290,"failureDetails":[{}],"failureMessages":["Error: expected \"Content-Type\" matching /json/, got \"text/html; charset=utf-8\"\n    at Object.expect (D:\\cnpm\\CNPM-3\\CNPM\\DroneDelivery-main\\BackEnd\\__tests__\\integration\\drone.api.test.js:67:10)\n    at Promise.then.completed (D:\\cnpm\\CNPM-3\\CNPM\\DroneDelivery-main\\BackEnd\\node_modules\\jest-circus\\build\\utils.js:298:28)\n    at new Promise (<anonymous>)\n    at callAsyncCircusFn (D:\\cnpm\\CNPM-3\\CNPM\\DroneDelivery-main\\BackEnd\\node_modules\\jest-circus\\build\\utils.js:231:10)\n    at _callCircusTest (D:\\cnpm\\CNPM-3\\CNPM\\DroneDelivery-main\\BackEnd\\node_modules\\jest-circus\\build\\run.js:316:40)\n    at processTicksAndRejections (node:internal/process/task_queues:105:5)\n    at _runTest (D:\\cnpm\\CNPM-3\\CNPM\\DroneDelivery-main\\BackEnd\\node_modules\\jest-circus\\build\\run.js:252:3)\n    at _runTestsForDescribeBlock (D:\\cnpm\\CNPM-3\\CNPM\\DroneDelivery-main\\BackEnd\\node_modules\\jest-circus\\build\\run.js:126:9)\n    at _runTestsForDescribeBlock (D:\\cnpm\\CNPM-3\\CNPM\\DroneDelivery-main\\BackEnd\\node_modules\\jest-circus\\build\\run.js:121:9)\n    at _runTestsForDescribeBlock (D:\\cnpm\\CNPM-3\\CNPM\\DroneDelivery-main\\BackEnd\\node_modules\\jest-circus\\build\\run.js:121:9)\n    at run (D:\\cnpm\\CNPM-3\\CNPM\\DroneDelivery-main\\BackEnd\\node_modules\\jest-circus\\build\\run.js:71:3)\n    at runAndTransformResultsToJestFormat (D:\\cnpm\\CNPM-3\\CNPM\\DroneDelivery-main\\BackEnd\\node_modules\\jest-circus\\build\\legacy-code-todo-rewrite\\jestAdapterInit.js:122:21)\n    at jestAdapter (D:\\cnpm\\CNPM-3\\CNPM\\DroneDelivery-main\\BackEnd\\node_modules\\jest-circus\\build\\legacy-code-todo-rewrite\\jestAdapter.js:79:19)\n    at runTestInternal (D:\\cnpm\\CNPM-3\\CNPM\\DroneDelivery-main\\BackEnd\\node_modules\\jest-runner\\build\\runTest.js:367:16)\n    at runTest (D:\\cnpm\\CNPM-3\\CNPM\\DroneDelivery-main\\BackEnd\\node_modules\\jest-runner\\build\\runTest.js:444:34)\n----\n    at Test._assertHeader (D:\\cnpm\\CNPM-3\\CNPM\\DroneDelivery-main\\BackEnd\\node_modules\\supertest\\lib\\test.js:232:16)\n    at D:\\cnpm\\CNPM-3\\CNPM\\DroneDelivery-main\\BackEnd\\node_modules\\supertest\\lib\\test.js:308:13\n    at Test._assertFunction (D:\\cnpm\\CNPM-3\\CNPM\\DroneDelivery-main\\BackEnd\\node_modules\\supertest\\lib\\test.js:285:13)\n    at Test.assert (D:\\cnpm\\CNPM-3\\CNPM\\DroneDelivery-main\\BackEnd\\node_modules\\supertest\\lib\\test.js:164:23)\n    at Server.localAssert (D:\\cnpm\\CNPM-3\\CNPM\\DroneDelivery-main\\BackEnd\\node_modules\\supertest\\lib\\test.js:120:14)\n    at Object.onceWrapper (node:events:633:28)\n    at Server.emit (node:events:519:28)\n    at emitCloseNT (node:net:2419:8)\n    at processTicksAndRejections (node:internal/process/task_queues:89:21)"],"fullName":"Drone API Integration Tests POST /api/drone/create should create a new drone","invocations":1,"location":null,"numPassingAsserts":0,"retryReasons":[],"status":"failed","title":"should create a new drone"},{"ancestorTitles":["Drone API Integration Tests","POST /api/drone/create"],"duration":230,"failureDetails":[],"failureMessages":[],"fullName":"Drone API Integration Tests POST /api/drone/create should fail without authentication","invocations":1,"location":null,"numPassingAsserts":1,"retryReasons":[],"status":"passed","title":"should fail without authentication"},{"ancestorTitles":["Drone API Integration Tests","GET /api/drone/available"],"duration":229,"failureDetails":[{"errors":{"specifications.range":{"properties":{"message":"Path `specifications.range` is required.","type":"required","path":"specifications.range"},"kind":"required","path":"specifications.range"},"specifications.flightTime":{"properties":{"message":"Path `specifications.flightTime` is required.","type":"required","path":"specifications.flightTime"},"kind":"required","path":"specifications.flightTime"},"specifications.maxAltitude":{"properties":{"message":"Path `specifications.maxAltitude` is required.","type":"required","path":"specifications.maxAltitude"},"kind":"required","path":"specifications.maxAltitude"}},"_message":"Drone validation failed"}],"failureMessages":["ValidationError: Drone validation failed: specifications.range: Path `specifications.range` is required., specifications.flightTime: Path `specifications.flightTime` is required., specifications.maxAltitude: Path `specifications.maxAltitude` is required.\n    at model.Object.<anonymous>.Document.invalidate (D:\\cnpm\\CNPM-3\\CNPM\\DroneDelivery-main\\BackEnd\\node_modules\\mongoose\\lib\\document.js:3362:32)\n    at D:\\cnpm\\CNPM-3\\CNPM\\DroneDelivery-main\\BackEnd\\node_modules\\mongoose\\lib\\document.js:3123:17\n    at D:\\cnpm\\CNPM-3\\CNPM\\DroneDelivery-main\\BackEnd\\node_modules\\mongoose\\lib\\schemaType.js:1446:9\n    at processTicksAndRejections (node:internal/process/task_queues:85:11)"],"fullName":"Drone API Integration Tests GET /api/drone/available should get available drones","invocations":1,"location":null,"numPassingAsserts":0,"retryReasons":[],"status":"failed","title":"should get available drones"},{"ancestorTitles":["Drone API Integration Tests","PUT /api/drone/:droneId/status"],"duration":212,"failureDetails":[{"errors":{"specifications.range":{"properties":{"message":"Path `specifications.range` is required.","type":"required","path":"specifications.range"},"kind":"required","path":"specifications.range"},"specifications.flightTime":{"properties":{"message":"Path `specifications.flightTime` is required.","type":"required","path":"specifications.flightTime"},"kind":"required","path":"specifications.flightTime"},"specifications.maxAltitude":{"properties":{"message":"Path `specifications.maxAltitude` is required.","type":"required","path":"specifications.maxAltitude"},"kind":"required","path":"specifications.maxAltitude"}},"_message":"Drone validation failed"}],"failureMessages":["ValidationError: Drone validation failed: specifications.range: Path `specifications.range` is required., specifications.flightTime: Path `specifications.flightTime` is required., specifications.maxAltitude: Path `specifications.maxAltitude` is required.\n    at model.Object.<anonymous>.Document.invalidate (D:\\cnpm\\CNPM-3\\CNPM\\DroneDelivery-main\\BackEnd\\node_modules\\mongoose\\lib\\document.js:3362:32)\n    at D:\\cnpm\\CNPM-3\\CNPM\\DroneDelivery-main\\BackEnd\\node_modules\\mongoose\\lib\\document.js:3123:17\n    at D:\\cnpm\\CNPM-3\\CNPM\\DroneDelivery-main\\BackEnd\\node_modules\\mongoose\\lib\\schemaType.js:1446:9\n    at processTicksAndRejections (node:internal/process/task_queues:85:11)"],"fullName":"Drone API Integration Tests PUT /api/drone/:droneId/status should update drone status","invocations":1,"location":null,"numPassingAsserts":0,"retryReasons":[],"status":"failed","title":"should update drone status"},{"ancestorTitles":["Drone API Integration Tests","PUT /api/drone/:droneId/status"],"duration":205,"failureDetails":[{"errors":{"specifications.range":{"properties":{"message":"Path `specifications.range` is required.","type":"required","path":"specifications.range"},"kind":"required","path":"specifications.range"},"specifications.flightTime":{"properties":{"message":"Path `specifications.flightTime` is required.","type":"required","path":"specifications.flightTime"},"kind":"required","path":"specifications.flightTime"},"specifications.maxAltitude":{"properties":{"message":"Path `specifications.maxAltitude` is required.","type":"required","path":"specifications.maxAltitude"},"kind":"required","path":"specifications.maxAltitude"}},"_message":"Drone validation failed"}],"failureMessages":["ValidationError: Drone validation failed: specifications.range: Path `specifications.range` is required., specifications.flightTime: Path `specifications.flightTime` is required., specifications.maxAltitude: Path `specifications.maxAltitude` is required.\n    at model.Object.<anonymous>.Document.invalidate (D:\\cnpm\\CNPM-3\\CNPM\\DroneDelivery-main\\BackEnd\\node_modules\\mongoose\\lib\\document.js:3362:32)\n    at D:\\cnpm\\CNPM-3\\CNPM\\DroneDelivery-main\\BackEnd\\node_modules\\mongoose\\lib\\document.js:3123:17\n    at D:\\cnpm\\CNPM-3\\CNPM\\DroneDelivery-main\\BackEnd\\node_modules\\mongoose\\lib\\schemaType.js:1446:9\n    at processTicksAndRejections (node:internal/process/task_queues:85:11)"],"fullName":"Drone API Integration Tests PUT /api/drone/:droneId/status should fail with invalid drone ID","invocations":1,"location":null,"numPassingAsserts":0,"retryReasons":[],"status":"failed","title":"should fail with invalid drone ID"},{"ancestorTitles":["Drone API Integration Tests","PUT /api/drone/:droneId/battery"],"duration":222,"failureDetails":[{"errors":{"specifications.range":{"properties":{"message":"Path `specifications.range` is required.","type":"required","path":"specifications.range"},"kind":"required","path":"specifications.range"},"specifications.flightTime":{"properties":{"message":"Path `specifications.flightTime` is required.","type":"required","path":"specifications.flightTime"},"kind":"required","path":"specifications.flightTime"},"specifications.maxAltitude":{"properties":{"message":"Path `specifications.maxAltitude` is required.","type":"required","path":"specifications.maxAltitude"},"kind":"required","path":"specifications.maxAltitude"}},"_message":"Drone validation failed"}],"failureMessages":["ValidationError: Drone validation failed: specifications.range: Path `specifications.range` is required., specifications.flightTime: Path `specifications.flightTime` is required., specifications.maxAltitude: Path `specifications.maxAltitude` is required.\n    at model.Object.<anonymous>.Document.invalidate (D:\\cnpm\\CNPM-3\\CNPM\\DroneDelivery-main\\BackEnd\\node_modules\\mongoose\\lib\\document.js:3362:32)\n    at D:\\cnpm\\CNPM-3\\CNPM\\DroneDelivery-main\\BackEnd\\node_modules\\mongoose\\lib\\document.js:3123:17\n    at D:\\cnpm\\CNPM-3\\CNPM\\DroneDelivery-main\\BackEnd\\node_modules\\mongoose\\lib\\schemaType.js:1446:9\n    at processTicksAndRejections (node:internal/process/task_queues:85:11)"],"fullName":"Drone API Integration Tests PUT /api/drone/:droneId/battery should update drone battery level","invocations":1,"location":null,"numPassingAsserts":0,"retryReasons":[],"status":"failed","title":"should update drone battery level"},{"ancestorTitles":["Drone API Integration Tests","PUT /api/drone/:droneId/battery"],"duration":202,"failureDetails":[{"errors":{"specifications.range":{"properties":{"message":"Path `specifications.range` is required.","type":"required","path":"specifications.range"},"kind":"required","path":"specifications.range"},"specifications.flightTime":{"properties":{"message":"Path `specifications.flightTime` is required.","type":"required","path":"specifications.flightTime"},"kind":"required","path":"specifications.flightTime"},"specifications.maxAltitude":{"properties":{"message":"Path `specifications.maxAltitude` is required.","type":"required","path":"specifications.maxAltitude"},"kind":"required","path":"specifications.maxAltitude"}},"_message":"Drone validation failed"}],"failureMessages":["ValidationError: Drone validation failed: specifications.range: Path `specifications.range` is required., specifications.flightTime: Path `specifications.flightTime` is required., specifications.maxAltitude: Path `specifications.maxAltitude` is required.\n    at model.Object.<anonymous>.Document.invalidate (D:\\cnpm\\CNPM-3\\CNPM\\DroneDelivery-main\\BackEnd\\node_modules\\mongoose\\lib\\document.js:3362:32)\n    at D:\\cnpm\\CNPM-3\\CNPM\\DroneDelivery-main\\BackEnd\\node_modules\\mongoose\\lib\\document.js:3123:17\n    at D:\\cnpm\\CNPM-3\\CNPM\\DroneDelivery-main\\BackEnd\\node_modules\\mongoose\\lib\\schemaType.js:1446:9\n    at processTicksAndRejections (node:internal/process/task_queues:85:11)"],"fullName":"Drone API Integration Tests PUT /api/drone/:droneId/battery should fail with invalid battery level","invocations":1,"location":null,"numPassingAsserts":0,"retryReasons":[],"status":"failed","title":"should fail with invalid battery level"}],"endTime":1764871157903,"message":"  ● Drone API Integration Tests › POST /api/drone/create › should create a new drone\n\n    expected \"Content-Type\" matching /json/, got \"text/html; charset=utf-8\"\n\n    \u001b[0m \u001b[90m 65 |\u001b[39m         \u001b[33m.\u001b[39m\u001b[36mset\u001b[39m(\u001b[32m'Cookie'\u001b[39m\u001b[33m,\u001b[39m [\u001b[32m`token=${authToken}`\u001b[39m])\n     \u001b[90m 66 |\u001b[39m         \u001b[33m.\u001b[39msend(droneData)\n    \u001b[31m\u001b[1m>\u001b[22m\u001b[39m\u001b[90m 67 |\u001b[39m         \u001b[33m.\u001b[39mexpect(\u001b[32m'Content-Type'\u001b[39m\u001b[33m,\u001b[39m \u001b[35m/json/\u001b[39m)\u001b[33m;\u001b[39m\n     \u001b[90m    |\u001b[39m          \u001b[31m\u001b[1m^\u001b[22m\u001b[39m\n     \u001b[90m 68 |\u001b[39m\n     \u001b[90m 69 |\u001b[39m       expect(response\u001b[33m.\u001b[39mstatus)\u001b[33m.\u001b[39mtoBeGreaterThanOrEqual(\u001b[35m200\u001b[39m)\u001b[33m;\u001b[39m\n     \u001b[90m 70 |\u001b[39m       expect(response\u001b[33m.\u001b[39mstatus)\u001b[33m.\u001b[39mtoBeLessThan(\u001b[35m500\u001b[39m)\u001b[33m;\u001b[39m\u001b[0m\n\n      at Object.expect (__tests__/integration/drone.api.test.js:67:10)\n      ----\n      at Test._assertHeader (node_modules/supertest/lib/test.js:232:16)\n      at node_modules/supertest/lib/test.js:308:13\n      at Test._assertFunction (node_modules/supertest/lib/test.js:285:13)\n      at Test.assert (node_modules/supertest/lib/test.js:164:23)\n      at Server.localAssert (node_modules/supertest/lib/test.js:120:14)\n\n  ● Drone API Integration Tests › GET /api/drone/available › should get available drones\n\n    ValidationError: Drone validation failed: specifications.range: Path `specifications.range` is required., specifications.flightTime: Path `specifications.flightTime` is required., specifications.maxAltitude: Path `specifications.maxAltitude` is required.\n\n      at model.Object.<anonymous>.Document.invalidate (node_modules/mongoose/lib/document.js:3362:32)\n      at node_modules/mongoose/lib/document.js:3123:17\n      at node_modules/mongoose/lib/schemaType.js:1446:9\n\n  ● Drone API Integration Tests › PUT /api/drone/:droneId/status › should update drone status\n\n    ValidationError: Drone validation failed: specifications.range: Path `specifications.range` is required., specifications.flightTime: Path `specifications.flightTime` is required., specifications.maxAltitude: Path `specifications.maxAltitude` is required.\n\n      at model.Object.<anonymous>.Document.invalidate (node_modules/mongoose/lib/document.js:3362:32)\n      at node_modules/mongoose/lib/document.js:3123:17\n      at node_modules/mongoose/lib/schemaType.js:1446:9\n\n  ● Drone API Integration Tests › PUT /api/drone/:droneId/status › should fail with invalid drone ID\n\n    ValidationError: Drone validation failed: specifications.range: Path `specifications.range` is required., specifications.flightTime: Path `specifications.flightTime` is required., specifications.maxAltitude: Path `specifications.maxAltitude` is required.\n\n      at model.Object.<anonymous>.Document.invalidate (node_modules/mongoose/lib/document.js:3362:32)\n      at node_modules/mongoose/lib/document.js:3123:17\n      at node_modules/mongoose/lib/schemaType.js:1446:9\n\n  ● Drone API Integration Tests › PUT /api/drone/:droneId/battery › should update drone battery level\n\n    ValidationError: Drone validation failed: specifications.range: Path `specifications.range` is required., specifications.flightTime: Path `specifications.flightTime` is required., specifications.maxAltitude: Path `specifications.maxAltitude` is required.\n\n      at model.Object.<anonymous>.Document.invalidate (node_modules/mongoose/lib/document.js:3362:32)\n      at node_modules/mongoose/lib/document.js:3123:17\n      at node_modules/mongoose/lib/schemaType.js:1446:9\n\n  ● Drone API Integration Tests › PUT /api/drone/:droneId/battery › should fail with invalid battery level\n\n    ValidationError: Drone validation failed: specifications.range: Path `specifications.range` is required., specifications.flightTime: Path `specifications.flightTime` is required., specifications.maxAltitude: Path `specifications.maxAltitude` is required.\n\n      at model.Object.<anonymous>.Document.invalidate (node_modules/mongoose/lib/document.js:3362:32)\n      at node_modules/mongoose/lib/document.js:3123:17\n      at node_modules/mongoose/lib/schemaType.js:1446:9\n","name":"D:\\cnpm\\CNPM-3\\CNPM\\DroneDelivery-main\\BackEnd\\__tests__\\integration\\drone.api.test.js","startTime":1764871154484,"status":"failed","summary":""},{"assertionResults":[{"ancestorTitles":["User Model Unit Tests","User Creation"],"duration":237,"failureDetails":[],"failureMessages":[],"fullName":"User Model Unit Tests User Creation should create a new user with valid data","invocations":1,"location":null,"numPassingAsserts":4,"retryReasons":[],"status":"passed","title":"should create a new user with valid data"},{"ancestorTitles":["User Model Unit Tests","User Creation"],"duration":11,"failureDetails":[],"failureMessages":[],"fullName":"User Model Unit Tests User Creation should fail to create user without required fields","invocations":1,"location":null,"numPassingAsserts":2,"retryReasons":[],"status":"passed","title":"should fail to create user without required fields"},{"ancestorTitles":["User Model Unit Tests","User Creation"],"duration":364,"failureDetails":[],"failureMessages":[],"fullName":"User Model Unit Tests User Creation should not allow duplicate email","invocations":1,"location":null,"numPassingAsserts":2,"retryReasons":[],"status":"passed","title":"should not allow duplicate email"},{"ancestorTitles":["User Model Unit Tests","User Password Hashing"],"duration":193,"failureDetails":[],"failureMessages":[],"fullName":"User Model Unit Tests User Password Hashing should hash password before saving","invocations":1,"location":null,"numPassingAsserts":2,"retryReasons":[],"status":"passed","title":"should hash password before saving"},{"ancestorTitles":["User Model Unit Tests","User Password Hashing"],"duration":429,"failureDetails":[],"failureMessages":[],"fullName":"User Model Unit Tests User Password Hashing should validate correct password","invocations":1,"location":null,"numPassingAsserts":1,"retryReasons":[],"status":"passed","title":"should validate correct password"},{"ancestorTitles":["User Model Unit Tests","User Password Hashing"],"duration":387,"failureDetails":[],"failureMessages":[],"fullName":"User Model Unit Tests User Password Hashing should reject incorrect password","invocations":1,"location":null,"numPassingAsserts":1,"retryReasons":[],"status":"passed","title":"should reject incorrect password"},{"ancestorTitles":["User Model Unit Tests","User Query Methods"],"duration":219,"failureDetails":[],"failureMessages":[],"fullName":"User Model Unit Tests User Query Methods should find user by email","invocations":1,"location":null,"numPassingAsserts":2,"retryReasons":[],"status":"passed","title":"should find user by email"},{"ancestorTitles":["User Model Unit Tests","User Query Methods"],"duration":208,"failureDetails":[],"failureMessages":[],"fullName":"User Model Unit Tests User Query Methods should find all users","invocations":1,"location":null,"numPassingAsserts":1,"retryReasons":[],"status":"passed","title":"should find all users"},{"ancestorTitles":["User Model Unit Tests","User Query Methods"],"duration":219,"failureDetails":[],"failureMessages":[],"fullName":"User Model Unit Tests User Query Methods should update user information","invocations":1,"location":null,"numPassingAsserts":1,"retryReasons":[],"status":"passed","title":"should update user information"},{"ancestorTitles":["User Model Unit Tests","User Query Methods"],"duration":217,"failureDetails":[],"failureMessages":[],"fullName":"User Model Unit Tests User Query Methods should delete user","invocations":1,"location":null,"numPassingAsserts":1,"retryReasons":[],"status":"passed","title":"should delete user"}],"endTime":1764871161877,"message":"","name":"D:\\cnpm\\CNPM-3\\CNPM\\DroneDelivery-main\\BackEnd\\__tests__\\unit\\user.model.test.js","startTime":1764871157921,"status":"passed","summary":""},{"assertionResults":[{"ancestorTitles":["Auth API Integration Tests","POST /api/auth/signup"],"duration":549,"failureDetails":[],"failureMessages":[],"fullName":"Auth API Integration Tests POST /api/auth/signup should register a new user successfully","invocations":1,"location":null,"numPassingAsserts":3,"retryReasons":[],"status":"passed","title":"should register a new user successfully"},{"ancestorTitles":["Auth API Integration Tests","POST /api/auth/signup"],"duration":42,"failureDetails":[],"failureMessages":[],"fullName":"Auth API Integration Tests POST /api/auth/signup should fail with missing required fields","invocations":1,"location":null,"numPassingAsserts":1,"retryReasons":[],"status":"passed","title":"should fail with missing required fields"},{"ancestorTitles":["Auth API Integration Tests","POST /api/auth/signup"],"duration":238,"failureDetails":[],"failureMessages":[],"fullName":"Auth API Integration Tests POST /api/auth/signup should fail with duplicate email","invocations":1,"location":null,"numPassingAsserts":1,"retryReasons":[],"status":"passed","title":"should fail with duplicate email"},{"ancestorTitles":["Auth API Integration Tests","POST /api/auth/signin"],"duration":464,"failureDetails":[],"failureMessages":[],"fullName":"Auth API Integration Tests POST /api/auth/signin should login with valid credentials","invocations":1,"location":null,"numPassingAsserts":2,"retryReasons":[],"status":"passed","title":"should login with valid credentials"},{"ancestorTitles":["Auth API Integration Tests","POST /api/auth/signin"],"duration":541,"failureDetails":[],"failureMessages":[],"fullName":"Auth API Integration Tests POST /api/auth/signin should fail with invalid password","invocations":1,"location":null,"numPassingAsserts":1,"retryReasons":[],"status":"passed","title":"should fail with invalid password"},{"ancestorTitles":["Auth API Integration Tests","POST /api/auth/signin"],"duration":239,"failureDetails":[],"failureMessages":[],"fullName":"Auth API Integration Tests POST /api/auth/signin should fail with non-existent email","invocations":1,"location":null,"numPassingAsserts":1,"retryReasons":[],"status":"passed","title":"should fail with non-existent email"},{"ancestorTitles":["Auth API Integration Tests","GET /api/auth/signout"],"duration":38,"failureDetails":[],"failureMessages":[],"fullName":"Auth API Integration Tests GET /api/auth/signout should signout successfully","invocations":1,"location":null,"numPassingAsserts":2,"retryReasons":[],"status":"passed","title":"should signout successfully"}],"endTime":1764871165896,"message":"","name":"D:\\cnpm\\CNPM-3\\CNPM\\DroneDelivery-main\\BackEnd\\__tests__\\integration\\auth.api.test.js","startTime":1764871161888,"status":"passed","summary":""},{"assertionResults":[{"ancestorTitles":["Drone Model Unit Tests","Drone Creation"],"duration":71,"failureDetails":[],"failureMessages":[],"fullName":"Drone Model Unit Tests Drone Creation should create a new drone with valid data","invocations":1,"location":null,"numPassingAsserts":5,"retryReasons":[],"status":"passed","title":"should create a new drone with valid data"},{"ancestorTitles":["Drone Model Unit Tests","Drone Creation"],"duration":25,"failureDetails":[],"failureMessages":[],"fullName":"Drone Model Unit Tests Drone Creation should fail without required fields","invocations":1,"location":null,"numPassingAsserts":2,"retryReasons":[],"status":"passed","title":"should fail without required fields"},{"ancestorTitles":["Drone Model Unit Tests","Drone Creation"],"duration":49,"failureDetails":[],"failureMessages":[],"fullName":"Drone Model Unit Tests Drone Creation should not allow duplicate serial numbers","invocations":1,"location":null,"numPassingAsserts":2,"retryReasons":[],"status":"passed","title":"should not allow duplicate serial numbers"},{"ancestorTitles":["Drone Model Unit Tests","Drone Status Management"],"duration":78,"failureDetails":[],"failureMessages":[],"fullName":"Drone Model Unit Tests Drone Status Management should update drone status","invocations":1,"location":null,"numPassingAsserts":1,"retryReasons":[],"status":"passed","title":"should update drone status"},{"ancestorTitles":["Drone Model Unit Tests","Drone Status Management"],"duration":20,"failureDetails":[],"failureMessages":[],"fullName":"Drone Model Unit Tests Drone Status Management should only allow valid status values","invocations":1,"location":null,"numPassingAsserts":1,"retryReasons":[],"status":"passed","title":"should only allow valid status values"},{"ancestorTitles":["Drone Model Unit Tests","Drone Battery Management"],"duration":49,"failureDetails":[],"failureMessages":[],"fullName":"Drone Model Unit Tests Drone Battery Management should update battery level","invocations":1,"location":null,"numPassingAsserts":1,"retryReasons":[],"status":"passed","title":"should update battery level"},{"ancestorTitles":["Drone Model Unit Tests","Drone Battery Management"],"duration":20,"failureDetails":[],"failureMessages":[],"fullName":"Drone Model Unit Tests Drone Battery Management should not allow battery below 0","invocations":1,"location":null,"numPassingAsserts":1,"retryReasons":[],"status":"passed","title":"should not allow battery below 0"},{"ancestorTitles":["Drone Model Unit Tests","Drone Queries"],"duration":57,"failureDetails":[],"failureMessages":[],"fullName":"Drone Model Unit Tests Drone Queries should find available drones","invocations":1,"location":null,"numPassingAsserts":2,"retryReasons":[],"status":"passed","title":"should find available drones"},{"ancestorTitles":["Drone Model Unit Tests","Drone Queries"],"duration":51,"failureDetails":[],"failureMessages":[],"fullName":"Drone Model Unit Tests Drone Queries should find drones by shop","invocations":1,"location":null,"numPassingAsserts":1,"retryReasons":[],"status":"passed","title":"should find drones by shop"}],"endTime":1764871168517,"message":"","name":"D:\\cnpm\\CNPM-3\\CNPM\\DroneDelivery-main\\BackEnd\\__tests__\\unit\\drone.model.test.js","startTime":1764871165913,"status":"passed","summary":""}],"wasInterrupted":false,"coverageMap":{"D:\\cnpm\\CNPM-3\\CNPM\\DroneDelivery-main\\BackEnd\\models\\order.model.js":{"path":"D:\\cnpm\\CNPM-3\\CNPM\\DroneDelivery-main\\BackEnd\\models\\order.model.js","statementMap":{"0":{"start":{"line":3,"column":20},"end":{"line":181,"column":1}},"1":{"start":{"line":14,"column":25},"end":{"line":14,"column":54}},"2":{"start":{"line":184,"column":0},"end":{"line":198,"column":3}},"3":{"start":{"line":185,"column":2},"end":{"line":196,"column":3}},"4":{"start":{"line":187,"column":4},"end":{"line":189,"column":7}},"5":{"start":{"line":188,"column":6},"end":{"line":188,"column":49}},"6":{"start":{"line":192,"column":4},"end":{"line":195,"column":6}},"7":{"start":{"line":193,"column":23},"end":{"line":193,"column":44}},"8":{"start":{"line":197,"column":2},"end":{"line":197,"column":9}},"9":{"start":{"line":201,"column":0},"end":{"line":201,"column":46}},"10":{"start":{"line":202,"column":0},"end":{"line":202,"column":38}},"11":{"start":{"line":203,"column":0},"end":{"line":203,"column":66}},"12":{"start":{"line":205,"column":14},"end":{"line":205,"column":50}}},"fnMap":{"0":{"name":"(anonymous_0)","decl":{"start":{"line":14,"column":19},"end":{"line":14,"column":20}},"loc":{"start":{"line":14,"column":25},"end":{"line":14,"column":54}},"line":14},"1":{"name":"(anonymous_1)","decl":{"start":{"line":184,"column":24},"end":{"line":184,"column":25}},"loc":{"start":{"line":184,"column":40},"end":{"line":198,"column":1}},"line":184},"2":{"name":"(anonymous_2)","decl":{"start":{"line":187,"column":28},"end":{"line":187,"column":29}},"loc":{"start":{"line":187,"column":38},"end":{"line":189,"column":5}},"line":187},"3":{"name":"(anonymous_3)","decl":{"start":{"line":193,"column":6},"end":{"line":193,"column":7}},"loc":{"start":{"line":193,"column":23},"end":{"line":193,"column":44}},"line":193}},"branchMap":{"0":{"loc":{"start":{"line":185,"column":2},"end":{"line":196,"column":3}},"type":"if","locations":[{"start":{"line":185,"column":2},"end":{"line":196,"column":3}},{"start":{},"end":{}}],"line":185},"1":{"loc":{"start":{"line":185,"column":6},"end":{"line":185,"column":51}},"type":"binary-expr","locations":[{"start":{"line":185,"column":6},"end":{"line":185,"column":21}},{"start":{"line":185,"column":25},"end":{"line":185,"column":51}}],"line":185}},"s":{"0":2,"1":12,"2":2,"3":13,"4":13,"5":13,"6":13,"7":13,"8":13,"9":2,"10":2,"11":2,"12":2},"f":{"0":12,"1":13,"2":13,"3":13},"b":{"0":[13,0],"1":[13,13]},"_coverageSchema":"1a1c01bbd47fc00a2c39e90264f33305004495a9","hash":"1a8dacdf08c13bbbba6f4f9cc66979d36c2d4910"},"D:\\cnpm\\CNPM-3\\CNPM\\DroneDelivery-main\\BackEnd\\models\\user.model.js":{"path":"D:\\cnpm\\CNPM-3\\CNPM\\DroneDelivery-main\\BackEnd\\models\\user.model.js","statementMap":{"0":{"start":{"line":4,"column":19},"end":{"line":22,"column":1}},"1":{"start":{"line":25,"column":0},"end":{"line":35,"column":3}},"2":{"start":{"line":26,"column":2},"end":{"line":26,"column":50}},"3":{"start":{"line":26,"column":36},"end":{"line":26,"column":50}},"4":{"start":{"line":28,"column":2},"end":{"line":34,"column":3}},"5":{"start":{"line":29,"column":17},"end":{"line":29,"column":41}},"6":{"start":{"line":30,"column":4},"end":{"line":30,"column":59}},"7":{"start":{"line":31,"column":4},"end":{"line":31,"column":11}},"8":{"start":{"line":33,"column":4},"end":{"line":33,"column":16}},"9":{"start":{"line":37,"column":13},"end":{"line":37,"column":47}}},"fnMap":{"0":{"name":"(anonymous_0)","decl":{"start":{"line":25,"column":23},"end":{"line":25,"column":24}},"loc":{"start":{"line":25,"column":44},"end":{"line":35,"column":1}},"line":25}},"branchMap":{"0":{"loc":{"start":{"line":26,"column":2},"end":{"line":26,"column":50}},"type":"if","locations":[{"start":{"line":26,"column":2},"end":{"line":26,"column":50}},{"start":{},"end":{}}],"line":26}},"s":{"0":5,"1":5,"2":40,"3":1,"4":39,"5":39,"6":39,"7":39,"8":0,"9":5},"f":{"0":40},"b":{"0":[1,39]},"_coverageSchema":"1a1c01bbd47fc00a2c39e90264f33305004495a9","hash":"71d5cce4ef2f16da5a4a9f1ab054b1d34ca0f8a5"},"D:\\cnpm\\CNPM-3\\CNPM\\DroneDelivery-main\\BackEnd\\models\\item.model.js":{"path":"D:\\cnpm\\CNPM-3\\CNPM\\DroneDelivery-main\\BackEnd\\models\\item.model.js","statementMap":{"0":{"start":{"line":3,"column":19},"end":{"line":49,"column":1}},"1":{"start":{"line":51,"column":13},"end":{"line":51,"column":47}}},"fnMap":{},"branchMap":{},"s":{"0":1,"1":1},"f":{},"b":{},"_coverageSchema":"1a1c01bbd47fc00a2c39e90264f33305004495a9","hash":"9d112cea9c009df528695615023fcfb58745ddc5"},"D:\\cnpm\\CNPM-3\\CNPM\\DroneDelivery-main\\BackEnd\\models\\shop.model.js":{"path":"D:\\cnpm\\CNPM-3\\CNPM\\DroneDelivery-main\\BackEnd\\models\\shop.model.js","statementMap":{"0":{"start":{"line":2,"column":19},"end":{"line":88,"column":1}},"1":{"start":{"line":90,"column":13},"end":{"line":90,"column":47}}},"fnMap":{},"branchMap":{},"s":{"0":2,"1":2},"f":{},"b":{},"_coverageSchema":"1a1c01bbd47fc00a2c39e90264f33305004495a9","hash":"b2b6c271f89779d94609cb806694c6ddf88b8d2f"},"D:\\cnpm\\CNPM-3\\CNPM\\DroneDelivery-main\\BackEnd\\models\\drone.model.js":{"path":"D:\\cnpm\\CNPM-3\\CNPM\\DroneDelivery-main\\BackEnd\\models\\drone.model.js","statementMap":{"0":{"start":{"line":3,"column":20},"end":{"line":103,"column":1}},"1":{"start":{"line":106,"column":0},"end":{"line":106,"column":31}},"2":{"start":{"line":107,"column":0},"end":{"line":107,"column":33}},"3":{"start":{"line":108,"column":0},"end":{"line":108,"column":39}},"4":{"start":{"line":110,"column":14},"end":{"line":110,"column":50}}},"fnMap":{},"branchMap":{},"s":{"0":3,"1":3,"2":3,"3":3,"4":3},"f":{},"b":{},"_coverageSchema":"1a1c01bbd47fc00a2c39e90264f33305004495a9","hash":"dae7c31886308f9b388434646d6dca9bcfa88404"},"D:\\cnpm\\CNPM-3\\CNPM\\DroneDelivery-main\\BackEnd\\controllers\\order.controllers.js":{"path":"D:\\cnpm\\CNPM-3\\CNPM\\DroneDelivery-main\\BackEnd\\controllers\\order.controllers.js","statementMap":{"0":{"start":{"line":7,"column":27},"end":{"line":113,"column":1}},"1":{"start":{"line":8,"column":2},"end":{"line":112,"column":3}},"2":{"start":{"line":10,"column":6},"end":{"line":10,"column":14}},"3":{"start":{"line":13,"column":4},"end":{"line":15,"column":5}},"4":{"start":{"line":14,"column":6},"end":{"line":14,"column":64}},"5":{"start":{"line":17,"column":4},"end":{"line":23,"column":5}},"6":{"start":{"line":22,"column":6},"end":{"line":22,"column":79}},"7":{"start":{"line":25,"column":4},"end":{"line":29,"column":5}},"8":{"start":{"line":26,"column":6},"end":{"line":28,"column":62}},"9":{"start":{"line":32,"column":23},"end":{"line":32,"column":39}},"10":{"start":{"line":33,"column":4},"end":{"line":37,"column":5}},"11":{"start":{"line":34,"column":6},"end":{"line":36,"column":9}},"12":{"start":{"line":40,"column":23},"end":{"line":40,"column":25}},"13":{"start":{"line":41,"column":4},"end":{"line":78,"column":5}},"14":{"start":{"line":43,"column":21},"end":{"line":43,"column":75}},"15":{"start":{"line":45,"column":6},"end":{"line":50,"column":7}},"16":{"start":{"line":46,"column":8},"end":{"line":46,"column":54}},"17":{"start":{"line":47,"column":8},"end":{"line":49,"column":11}},"18":{"start":{"line":53,"column":19},"end":{"line":53,"column":73}},"19":{"start":{"line":54,"column":6},"end":{"line":59,"column":7}},"20":{"start":{"line":55,"column":8},"end":{"line":55,"column":74}},"21":{"start":{"line":56,"column":8},"end":{"line":58,"column":11}},"22":{"start":{"line":61,"column":6},"end":{"line":77,"column":9}},"23":{"start":{"line":81,"column":34},"end":{"line":81,"column":44}},"24":{"start":{"line":82,"column":4},"end":{"line":82,"column":78}},"25":{"start":{"line":85,"column":18},"end":{"line":93,"column":6}},"26":{"start":{"line":96,"column":4},"end":{"line":99,"column":7}},"27":{"start":{"line":101,"column":4},"end":{"line":105,"column":7}},"28":{"start":{"line":107,"column":4},"end":{"line":107,"column":48}},"29":{"start":{"line":108,"column":4},"end":{"line":111,"column":7}},"30":{"start":{"line":116,"column":29},"end":{"line":152,"column":1}},"31":{"start":{"line":117,"column":2},"end":{"line":151,"column":3}},"32":{"start":{"line":118,"column":45},"end":{"line":118,"column":54}},"33":{"start":{"line":120,"column":18},"end":{"line":120,"column":38}},"34":{"start":{"line":121,"column":4},"end":{"line":123,"column":5}},"35":{"start":{"line":122,"column":6},"end":{"line":122,"column":33}},"36":{"start":{"line":125,"column":19},"end":{"line":136,"column":31}},"37":{"start":{"line":138,"column":18},"end":{"line":138,"column":51}},"38":{"start":{"line":140,"column":4},"end":{"line":145,"column":7}},"39":{"start":{"line":147,"column":4},"end":{"line":147,"column":51}},"40":{"start":{"line":148,"column":4},"end":{"line":150,"column":7}},"41":{"start":{"line":155,"column":28},"end":{"line":183,"column":1}},"42":{"start":{"line":156,"column":2},"end":{"line":182,"column":3}},"43":{"start":{"line":157,"column":24},"end":{"line":157,"column":34}},"44":{"start":{"line":159,"column":18},"end":{"line":170,"column":8}},"45":{"start":{"line":172,"column":4},"end":{"line":174,"column":5}},"46":{"start":{"line":173,"column":6},"end":{"line":173,"column":66}},"47":{"start":{"line":176,"column":4},"end":{"line":176,"column":39}},"48":{"start":{"line":178,"column":4},"end":{"line":178,"column":51}},"49":{"start":{"line":179,"column":4},"end":{"line":181,"column":7}},"50":{"start":{"line":186,"column":27},"end":{"line":223,"column":1}},"51":{"start":{"line":187,"column":2},"end":{"line":222,"column":3}},"52":{"start":{"line":188,"column":24},"end":{"line":188,"column":34}},"53":{"start":{"line":189,"column":23},"end":{"line":189,"column":31}},"54":{"start":{"line":191,"column":18},"end":{"line":194,"column":6}},"55":{"start":{"line":196,"column":4},"end":{"line":198,"column":5}},"56":{"start":{"line":197,"column":6},"end":{"line":197,"column":66}},"57":{"start":{"line":201,"column":4},"end":{"line":205,"column":5}},"58":{"start":{"line":202,"column":6},"end":{"line":204,"column":9}},"59":{"start":{"line":207,"column":4},"end":{"line":207,"column":36}},"60":{"start":{"line":208,"column":4},"end":{"line":208,"column":35}},"61":{"start":{"line":209,"column":4},"end":{"line":209,"column":55}},"62":{"start":{"line":211,"column":4},"end":{"line":211,"column":23}},"63":{"start":{"line":213,"column":4},"end":{"line":216,"column":7}},"64":{"start":{"line":218,"column":4},"end":{"line":218,"column":48}},"65":{"start":{"line":219,"column":4},"end":{"line":221,"column":7}},"66":{"start":{"line":226,"column":33},"end":{"line":269,"column":1}},"67":{"start":{"line":227,"column":2},"end":{"line":268,"column":3}},"68":{"start":{"line":228,"column":24},"end":{"line":228,"column":34}},"69":{"start":{"line":229,"column":23},"end":{"line":229,"column":31}},"70":{"start":{"line":231,"column":26},"end":{"line":238,"column":5}},"71":{"start":{"line":240,"column":4},"end":{"line":242,"column":5}},"72":{"start":{"line":241,"column":6},"end":{"line":241,"column":71}},"73":{"start":{"line":244,"column":18},"end":{"line":244,"column":47}},"74":{"start":{"line":246,"column":4},"end":{"line":248,"column":5}},"75":{"start":{"line":247,"column":6},"end":{"line":247,"column":66}},"76":{"start":{"line":250,"column":4},"end":{"line":250,"column":31}},"77":{"start":{"line":252,"column":4},"end":{"line":255,"column":5}},"78":{"start":{"line":253,"column":6},"end":{"line":253,"column":37}},"79":{"start":{"line":257,"column":4},"end":{"line":257,"column":23}},"80":{"start":{"line":259,"column":4},"end":{"line":262,"column":7}},"81":{"start":{"line":264,"column":4},"end":{"line":264,"column":55}},"82":{"start":{"line":265,"column":4},"end":{"line":267,"column":7}},"83":{"start":{"line":272,"column":29},"end":{"line":312,"column":1}},"84":{"start":{"line":273,"column":2},"end":{"line":311,"column":3}},"85":{"start":{"line":274,"column":45},"end":{"line":274,"column":54}},"86":{"start":{"line":277,"column":18},"end":{"line":279,"column":5}},"87":{"start":{"line":281,"column":4},"end":{"line":283,"column":5}},"88":{"start":{"line":282,"column":6},"end":{"line":282,"column":33}},"89":{"start":{"line":285,"column":19},"end":{"line":296,"column":31}},"90":{"start":{"line":298,"column":18},"end":{"line":298,"column":51}},"91":{"start":{"line":300,"column":4},"end":{"line":305,"column":7}},"92":{"start":{"line":307,"column":4},"end":{"line":307,"column":51}},"93":{"start":{"line":308,"column":4},"end":{"line":310,"column":7}},"94":{"start":{"line":315,"column":32},"end":{"line":343,"column":1}},"95":{"start":{"line":316,"column":2},"end":{"line":342,"column":3}},"96":{"start":{"line":317,"column":24},"end":{"line":317,"column":34}},"97":{"start":{"line":319,"column":18},"end":{"line":330,"column":8}},"98":{"start":{"line":332,"column":4},"end":{"line":334,"column":5}},"99":{"start":{"line":333,"column":6},"end":{"line":333,"column":66}},"100":{"start":{"line":336,"column":4},"end":{"line":336,"column":39}},"101":{"start":{"line":338,"column":4},"end":{"line":338,"column":56}},"102":{"start":{"line":339,"column":4},"end":{"line":341,"column":7}},"103":{"start":{"line":346,"column":37},"end":{"line":419,"column":1}},"104":{"start":{"line":347,"column":2},"end":{"line":418,"column":3}},"105":{"start":{"line":348,"column":24},"end":{"line":348,"column":34}},"106":{"start":{"line":349,"column":23},"end":{"line":349,"column":31}},"107":{"start":{"line":351,"column":26},"end":{"line":358,"column":5}},"108":{"start":{"line":360,"column":4},"end":{"line":362,"column":5}},"109":{"start":{"line":361,"column":6},"end":{"line":361,"column":71}},"110":{"start":{"line":364,"column":18},"end":{"line":367,"column":6}},"111":{"start":{"line":369,"column":4},"end":{"line":373,"column":5}},"112":{"start":{"line":370,"column":6},"end":{"line":372,"column":9}},"113":{"start":{"line":375,"column":4},"end":{"line":375,"column":31}},"114":{"start":{"line":377,"column":4},"end":{"line":405,"column":5}},"115":{"start":{"line":378,"column":6},"end":{"line":378,"column":37}},"116":{"start":{"line":382,"column":6},"end":{"line":390,"column":7}},"117":{"start":{"line":383,"column":22},"end":{"line":383,"column":55}},"118":{"start":{"line":384,"column":8},"end":{"line":389,"column":9}},"119":{"start":{"line":385,"column":10},"end":{"line":385,"column":37}},"120":{"start":{"line":387,"column":10},"end":{"line":387,"column":70}},"121":{"start":{"line":388,"column":10},"end":{"line":388,"column":29}},"122":{"start":{"line":391,"column":11},"end":{"line":405,"column":5}},"123":{"start":{"line":392,"column":6},"end":{"line":392,"column":37}},"124":{"start":{"line":393,"column":6},"end":{"line":395,"column":7}},"125":{"start":{"line":394,"column":8},"end":{"line":394,"column":55}},"126":{"start":{"line":398,"column":6},"end":{"line":404,"column":7}},"127":{"start":{"line":399,"column":22},"end":{"line":399,"column":55}},"128":{"start":{"line":400,"column":8},"end":{"line":403,"column":9}},"129":{"start":{"line":401,"column":10},"end":{"line":401,"column":37}},"130":{"start":{"line":402,"column":10},"end":{"line":402,"column":29}},"131":{"start":{"line":407,"column":4},"end":{"line":407,"column":23}},"132":{"start":{"line":409,"column":4},"end":{"line":412,"column":7}},"133":{"start":{"line":414,"column":4},"end":{"line":414,"column":60}},"134":{"start":{"line":415,"column":4},"end":{"line":417,"column":7}},"135":{"start":{"line":422,"column":34},"end":{"line":458,"column":1}},"136":{"start":{"line":423,"column":2},"end":{"line":457,"column":3}},"137":{"start":{"line":424,"column":24},"end":{"line":424,"column":34}},"138":{"start":{"line":427,"column":18},"end":{"line":430,"column":6}},"139":{"start":{"line":432,"column":4},"end":{"line":436,"column":5}},"140":{"start":{"line":433,"column":6},"end":{"line":435,"column":9}},"141":{"start":{"line":439,"column":19},"end":{"line":439,"column":45}},"142":{"start":{"line":442,"column":19},"end":{"line":447,"column":65}},"143":{"start":{"line":449,"column":4},"end":{"line":451,"column":7}},"144":{"start":{"line":453,"column":4},"end":{"line":453,"column":56}},"145":{"start":{"line":454,"column":4},"end":{"line":456,"column":7}},"146":{"start":{"line":462,"column":26},"end":{"line":475,"column":1}},"147":{"start":{"line":463,"column":12},"end":{"line":463,"column":16}},"148":{"start":{"line":464,"column":15},"end":{"line":464,"column":46}},"149":{"start":{"line":465,"column":15},"end":{"line":465,"column":46}},"150":{"start":{"line":467,"column":4},"end":{"line":471,"column":24}},"151":{"start":{"line":472,"column":12},"end":{"line":472,"column":58}},"152":{"start":{"line":473,"column":19},"end":{"line":473,"column":24}},"153":{"start":{"line":474,"column":2},"end":{"line":474,"column":18}},"154":{"start":{"line":477,"column":34},"end":{"line":570,"column":1}},"155":{"start":{"line":478,"column":2},"end":{"line":569,"column":3}},"156":{"start":{"line":479,"column":24},"end":{"line":479,"column":34}},"157":{"start":{"line":480,"column":24},"end":{"line":480,"column":32}},"158":{"start":{"line":482,"column":4},"end":{"line":484,"column":5}},"159":{"start":{"line":483,"column":6},"end":{"line":483,"column":71}},"160":{"start":{"line":487,"column":18},"end":{"line":490,"column":6}},"161":{"start":{"line":492,"column":4},"end":{"line":496,"column":5}},"162":{"start":{"line":493,"column":6},"end":{"line":495,"column":9}},"163":{"start":{"line":499,"column":4},"end":{"line":503,"column":5}},"164":{"start":{"line":500,"column":6},"end":{"line":502,"column":9}},"165":{"start":{"line":506,"column":18},"end":{"line":506,"column":64}},"166":{"start":{"line":507,"column":4},"end":{"line":509,"column":5}},"167":{"start":{"line":508,"column":6},"end":{"line":508,"column":66}},"168":{"start":{"line":511,"column":4},"end":{"line":513,"column":5}},"169":{"start":{"line":512,"column":6},"end":{"line":512,"column":73}},"170":{"start":{"line":516,"column":27},"end":{"line":516,"column":28}},"171":{"start":{"line":517,"column":4},"end":{"line":524,"column":5}},"172":{"start":{"line":518,"column":6},"end":{"line":523,"column":8}},"173":{"start":{"line":528,"column":24},"end":{"line":528,"column":78}},"174":{"start":{"line":530,"column":4},"end":{"line":530,"column":26}},"175":{"start":{"line":531,"column":4},"end":{"line":531,"column":65}},"176":{"start":{"line":532,"column":4},"end":{"line":532,"column":37}},"177":{"start":{"line":533,"column":4},"end":{"line":533,"column":36}},"178":{"start":{"line":534,"column":4},"end":{"line":534,"column":46}},"179":{"start":{"line":535,"column":4},"end":{"line":535,"column":23}},"180":{"start":{"line":538,"column":4},"end":{"line":538,"column":26}},"181":{"start":{"line":539,"column":4},"end":{"line":539,"column":40}},"182":{"start":{"line":540,"column":4},"end":{"line":540,"column":23}},"183":{"start":{"line":543,"column":15},"end":{"line":543,"column":32}},"184":{"start":{"line":544,"column":4},"end":{"line":555,"column":5}},"185":{"start":{"line":545,"column":6},"end":{"line":553,"column":9}},"186":{"start":{"line":554,"column":6},"end":{"line":554,"column":89}},"187":{"start":{"line":557,"column":4},"end":{"line":563,"column":7}},"188":{"start":{"line":565,"column":4},"end":{"line":565,"column":57}},"189":{"start":{"line":566,"column":4},"end":{"line":568,"column":7}},"190":{"start":{"line":573,"column":34},"end":{"line":651,"column":1}},"191":{"start":{"line":574,"column":2},"end":{"line":650,"column":3}},"192":{"start":{"line":575,"column":24},"end":{"line":575,"column":34}},"193":{"start":{"line":576,"column":34},"end":{"line":576,"column":42}},"194":{"start":{"line":578,"column":4},"end":{"line":582,"column":7}},"195":{"start":{"line":585,"column":4},"end":{"line":589,"column":5}},"196":{"start":{"line":586,"column":6},"end":{"line":588,"column":61}},"197":{"start":{"line":591,"column":4},"end":{"line":595,"column":5}},"198":{"start":{"line":592,"column":6},"end":{"line":594,"column":9}},"199":{"start":{"line":598,"column":18},"end":{"line":601,"column":6}},"200":{"start":{"line":603,"column":4},"end":{"line":603,"column":54}},"201":{"start":{"line":605,"column":4},"end":{"line":609,"column":5}},"202":{"start":{"line":606,"column":6},"end":{"line":608,"column":9}},"203":{"start":{"line":612,"column":4},"end":{"line":616,"column":5}},"204":{"start":{"line":613,"column":6},"end":{"line":615,"column":9}},"205":{"start":{"line":619,"column":4},"end":{"line":623,"column":5}},"206":{"start":{"line":620,"column":6},"end":{"line":622,"column":9}},"207":{"start":{"line":626,"column":4},"end":{"line":626,"column":53}},"208":{"start":{"line":627,"column":4},"end":{"line":627,"column":23}},"209":{"start":{"line":629,"column":4},"end":{"line":629,"column":46}},"210":{"start":{"line":632,"column":18},"end":{"line":632,"column":51}},"211":{"start":{"line":633,"column":4},"end":{"line":638,"column":5}},"212":{"start":{"line":634,"column":6},"end":{"line":634,"column":56}},"213":{"start":{"line":635,"column":6},"end":{"line":635,"column":56}},"214":{"start":{"line":636,"column":6},"end":{"line":636,"column":25}},"215":{"start":{"line":637,"column":6},"end":{"line":637,"column":56}},"216":{"start":{"line":640,"column":4},"end":{"line":644,"column":7}},"217":{"start":{"line":646,"column":4},"end":{"line":646,"column":56}},"218":{"start":{"line":647,"column":4},"end":{"line":649,"column":7}},"219":{"start":{"line":654,"column":33},"end":{"line":681,"column":1}},"220":{"start":{"line":655,"column":2},"end":{"line":680,"column":3}},"221":{"start":{"line":656,"column":24},"end":{"line":656,"column":34}},"222":{"start":{"line":659,"column":18},"end":{"line":662,"column":6}},"223":{"start":{"line":664,"column":4},"end":{"line":669,"column":5}},"224":{"start":{"line":665,"column":6},"end":{"line":668,"column":9}},"225":{"start":{"line":671,"column":4},"end":{"line":674,"column":7}},"226":{"start":{"line":676,"column":4},"end":{"line":676,"column":57}},"227":{"start":{"line":677,"column":4},"end":{"line":679,"column":7}},"228":{"start":{"line":684,"column":33},"end":{"line":743,"column":1}},"229":{"start":{"line":685,"column":2},"end":{"line":742,"column":3}},"230":{"start":{"line":686,"column":24},"end":{"line":686,"column":34}},"231":{"start":{"line":687,"column":28},"end":{"line":687,"column":36}},"232":{"start":{"line":689,"column":4},"end":{"line":691,"column":5}},"233":{"start":{"line":690,"column":6},"end":{"line":690,"column":80}},"234":{"start":{"line":694,"column":18},"end":{"line":697,"column":6}},"235":{"start":{"line":699,"column":4},"end":{"line":703,"column":5}},"236":{"start":{"line":700,"column":6},"end":{"line":702,"column":9}},"237":{"start":{"line":706,"column":4},"end":{"line":710,"column":5}},"238":{"start":{"line":707,"column":6},"end":{"line":709,"column":9}},"239":{"start":{"line":713,"column":4},"end":{"line":717,"column":5}},"240":{"start":{"line":714,"column":6},"end":{"line":716,"column":9}},"241":{"start":{"line":720,"column":4},"end":{"line":720,"column":36}},"242":{"start":{"line":721,"column":4},"end":{"line":721,"column":35}},"243":{"start":{"line":722,"column":4},"end":{"line":722,"column":23}},"244":{"start":{"line":725,"column":4},"end":{"line":731,"column":5}},"245":{"start":{"line":726,"column":20},"end":{"line":726,"column":53}},"246":{"start":{"line":727,"column":6},"end":{"line":730,"column":7}},"247":{"start":{"line":728,"column":8},"end":{"line":728,"column":35}},"248":{"start":{"line":729,"column":8},"end":{"line":729,"column":27}},"249":{"start":{"line":733,"column":4},"end":{"line":736,"column":7}},"250":{"start":{"line":738,"column":4},"end":{"line":738,"column":55}},"251":{"start":{"line":739,"column":4},"end":{"line":741,"column":7}}},"fnMap":{"0":{"name":"(anonymous_0)","decl":{"start":{"line":7,"column":27},"end":{"line":7,"column":28}},"loc":{"start":{"line":7,"column":47},"end":{"line":113,"column":1}},"line":7},"1":{"name":"(anonymous_1)","decl":{"start":{"line":116,"column":29},"end":{"line":116,"column":30}},"loc":{"start":{"line":116,"column":49},"end":{"line":152,"column":1}},"line":116},"2":{"name":"(anonymous_2)","decl":{"start":{"line":155,"column":28},"end":{"line":155,"column":29}},"loc":{"start":{"line":155,"column":48},"end":{"line":183,"column":1}},"line":155},"3":{"name":"(anonymous_3)","decl":{"start":{"line":186,"column":27},"end":{"line":186,"column":28}},"loc":{"start":{"line":186,"column":47},"end":{"line":223,"column":1}},"line":186},"4":{"name":"(anonymous_4)","decl":{"start":{"line":226,"column":33},"end":{"line":226,"column":34}},"loc":{"start":{"line":226,"column":53},"end":{"line":269,"column":1}},"line":226},"5":{"name":"(anonymous_5)","decl":{"start":{"line":272,"column":29},"end":{"line":272,"column":30}},"loc":{"start":{"line":272,"column":49},"end":{"line":312,"column":1}},"line":272},"6":{"name":"(anonymous_6)","decl":{"start":{"line":315,"column":32},"end":{"line":315,"column":33}},"loc":{"start":{"line":315,"column":52},"end":{"line":343,"column":1}},"line":315},"7":{"name":"(anonymous_7)","decl":{"start":{"line":346,"column":37},"end":{"line":346,"column":38}},"loc":{"start":{"line":346,"column":57},"end":{"line":419,"column":1}},"line":346},"8":{"name":"(anonymous_8)","decl":{"start":{"line":422,"column":34},"end":{"line":422,"column":35}},"loc":{"start":{"line":422,"column":54},"end":{"line":458,"column":1}},"line":422},"9":{"name":"(anonymous_9)","decl":{"start":{"line":462,"column":26},"end":{"line":462,"column":27}},"loc":{"start":{"line":462,"column":54},"end":{"line":475,"column":1}},"line":462},"10":{"name":"(anonymous_10)","decl":{"start":{"line":477,"column":34},"end":{"line":477,"column":35}},"loc":{"start":{"line":477,"column":54},"end":{"line":570,"column":1}},"line":477},"11":{"name":"(anonymous_11)","decl":{"start":{"line":573,"column":34},"end":{"line":573,"column":35}},"loc":{"start":{"line":573,"column":54},"end":{"line":651,"column":1}},"line":573},"12":{"name":"(anonymous_12)","decl":{"start":{"line":654,"column":33},"end":{"line":654,"column":34}},"loc":{"start":{"line":654,"column":53},"end":{"line":681,"column":1}},"line":654},"13":{"name":"(anonymous_13)","decl":{"start":{"line":684,"column":33},"end":{"line":684,"column":34}},"loc":{"start":{"line":684,"column":53},"end":{"line":743,"column":1}},"line":684}},"branchMap":{"0":{"loc":{"start":{"line":13,"column":4},"end":{"line":15,"column":5}},"type":"if","locations":[{"start":{"line":13,"column":4},"end":{"line":15,"column":5}},{"start":{},"end":{}}],"line":13},"1":{"loc":{"start":{"line":13,"column":8},"end":{"line":13,"column":36}},"type":"binary-expr","locations":[{"start":{"line":13,"column":8},"end":{"line":13,"column":14}},{"start":{"line":13,"column":18},"end":{"line":13,"column":36}}],"line":13},"2":{"loc":{"start":{"line":17,"column":4},"end":{"line":23,"column":5}},"type":"if","locations":[{"start":{"line":17,"column":4},"end":{"line":23,"column":5}},{"start":{},"end":{}}],"line":17},"3":{"loc":{"start":{"line":18,"column":6},"end":{"line":20,"column":34}},"type":"binary-expr","locations":[{"start":{"line":18,"column":6},"end":{"line":18,"column":22}},{"start":{"line":19,"column":6},"end":{"line":19,"column":30}},{"start":{"line":20,"column":6},"end":{"line":20,"column":34}}],"line":18},"4":{"loc":{"start":{"line":25,"column":4},"end":{"line":29,"column":5}},"type":"if","locations":[{"start":{"line":25,"column":4},"end":{"line":29,"column":5}},{"start":{},"end":{}}],"line":25},"5":{"loc":{"start":{"line":25,"column":8},"end":{"line":25,"column":63}},"type":"binary-expr","locations":[{"start":{"line":25,"column":8},"end":{"line":25,"column":20}},{"start":{"line":25,"column":24},"end":{"line":25,"column":41}},{"start":{"line":25,"column":45},"end":{"line":25,"column":63}}],"line":25},"6":{"loc":{"start":{"line":33,"column":4},"end":{"line":37,"column":5}},"type":"if","locations":[{"start":{"line":33,"column":4},"end":{"line":37,"column":5}},{"start":{},"end":{}}],"line":33},"7":{"loc":{"start":{"line":43,"column":21},"end":{"line":43,"column":75}},"type":"binary-expr","locations":[{"start":{"line":43,"column":21},"end":{"line":43,"column":36}},{"start":{"line":43,"column":40},"end":{"line":43,"column":58}},{"start":{"line":43,"column":62},"end":{"line":43,"column":75}}],"line":43},"8":{"loc":{"start":{"line":45,"column":6},"end":{"line":50,"column":7}},"type":"if","locations":[{"start":{"line":45,"column":6},"end":{"line":50,"column":7}},{"start":{},"end":{}}],"line":45},"9":{"loc":{"start":{"line":54,"column":6},"end":{"line":59,"column":7}},"type":"if","locations":[{"start":{"line":54,"column":6},"end":{"line":59,"column":7}},{"start":{},"end":{}}],"line":54},"10":{"loc":{"start":{"line":54,"column":10},"end":{"line":54,"column":30}},"type":"binary-expr","locations":[{"start":{"line":54,"column":10},"end":{"line":54,"column":15}},{"start":{"line":54,"column":19},"end":{"line":54,"column":30}}],"line":54},"11":{"loc":{"start":{"line":65,"column":18},"end":{"line":65,"column":73}},"type":"binary-expr","locations":[{"start":{"line":65,"column":18},"end":{"line":65,"column":35}},{"start":{"line":65,"column":39},"end":{"line":65,"column":73}}],"line":65},"12":{"loc":{"start":{"line":66,"column":14},"end":{"line":66,"column":33}},"type":"binary-expr","locations":[{"start":{"line":66,"column":14},"end":{"line":66,"column":27}},{"start":{"line":66,"column":31},"end":{"line":66,"column":33}}],"line":66},"13":{"loc":{"start":{"line":91,"column":21},"end":{"line":91,"column":44}},"type":"binary-expr","locations":[{"start":{"line":91,"column":21},"end":{"line":91,"column":34}},{"start":{"line":91,"column":38},"end":{"line":91,"column":44}}],"line":91},"14":{"loc":{"start":{"line":118,"column":20},"end":{"line":118,"column":28}},"type":"default-arg","locations":[{"start":{"line":118,"column":27},"end":{"line":118,"column":28}}],"line":118},"15":{"loc":{"start":{"line":118,"column":30},"end":{"line":118,"column":40}},"type":"default-arg","locations":[{"start":{"line":118,"column":38},"end":{"line":118,"column":40}}],"line":118},"16":{"loc":{"start":{"line":121,"column":4},"end":{"line":123,"column":5}},"type":"if","locations":[{"start":{"line":121,"column":4},"end":{"line":123,"column":5}},{"start":{},"end":{}}],"line":121},"17":{"loc":{"start":{"line":172,"column":4},"end":{"line":174,"column":5}},"type":"if","locations":[{"start":{"line":172,"column":4},"end":{"line":174,"column":5}},{"start":{},"end":{}}],"line":172},"18":{"loc":{"start":{"line":196,"column":4},"end":{"line":198,"column":5}},"type":"if","locations":[{"start":{"line":196,"column":4},"end":{"line":198,"column":5}},{"start":{},"end":{}}],"line":196},"19":{"loc":{"start":{"line":201,"column":4},"end":{"line":205,"column":5}},"type":"if","locations":[{"start":{"line":201,"column":4},"end":{"line":205,"column":5}},{"start":{},"end":{}}],"line":201},"20":{"loc":{"start":{"line":209,"column":25},"end":{"line":209,"column":54}},"type":"binary-expr","locations":[{"start":{"line":209,"column":25},"end":{"line":209,"column":31}},{"start":{"line":209,"column":35},"end":{"line":209,"column":54}}],"line":209},"21":{"loc":{"start":{"line":240,"column":4},"end":{"line":242,"column":5}},"type":"if","locations":[{"start":{"line":240,"column":4},"end":{"line":242,"column":5}},{"start":{},"end":{}}],"line":240},"22":{"loc":{"start":{"line":246,"column":4},"end":{"line":248,"column":5}},"type":"if","locations":[{"start":{"line":246,"column":4},"end":{"line":248,"column":5}},{"start":{},"end":{}}],"line":246},"23":{"loc":{"start":{"line":252,"column":4},"end":{"line":255,"column":5}},"type":"if","locations":[{"start":{"line":252,"column":4},"end":{"line":255,"column":5}},{"start":{},"end":{}}],"line":252},"24":{"loc":{"start":{"line":274,"column":20},"end":{"line":274,"column":28}},"type":"default-arg","locations":[{"start":{"line":274,"column":27},"end":{"line":274,"column":28}}],"line":274},"25":{"loc":{"start":{"line":274,"column":30},"end":{"line":274,"column":40}},"type":"default-arg","locations":[{"start":{"line":274,"column":38},"end":{"line":274,"column":40}}],"line":274},"26":{"loc":{"start":{"line":281,"column":4},"end":{"line":283,"column":5}},"type":"if","locations":[{"start":{"line":281,"column":4},"end":{"line":283,"column":5}},{"start":{},"end":{}}],"line":281},"27":{"loc":{"start":{"line":332,"column":4},"end":{"line":334,"column":5}},"type":"if","locations":[{"start":{"line":332,"column":4},"end":{"line":334,"column":5}},{"start":{},"end":{}}],"line":332},"28":{"loc":{"start":{"line":360,"column":4},"end":{"line":362,"column":5}},"type":"if","locations":[{"start":{"line":360,"column":4},"end":{"line":362,"column":5}},{"start":{},"end":{}}],"line":360},"29":{"loc":{"start":{"line":369,"column":4},"end":{"line":373,"column":5}},"type":"if","locations":[{"start":{"line":369,"column":4},"end":{"line":373,"column":5}},{"start":{},"end":{}}],"line":369},"30":{"loc":{"start":{"line":377,"column":4},"end":{"line":405,"column":5}},"type":"if","locations":[{"start":{"line":377,"column":4},"end":{"line":405,"column":5}},{"start":{"line":391,"column":11},"end":{"line":405,"column":5}}],"line":377},"31":{"loc":{"start":{"line":382,"column":6},"end":{"line":390,"column":7}},"type":"if","locations":[{"start":{"line":382,"column":6},"end":{"line":390,"column":7}},{"start":{},"end":{}}],"line":382},"32":{"loc":{"start":{"line":384,"column":8},"end":{"line":389,"column":9}},"type":"if","locations":[{"start":{"line":384,"column":8},"end":{"line":389,"column":9}},{"start":{},"end":{}}],"line":384},"33":{"loc":{"start":{"line":387,"column":34},"end":{"line":387,"column":69}},"type":"binary-expr","locations":[{"start":{"line":387,"column":34},"end":{"line":387,"column":62}},{"start":{"line":387,"column":66},"end":{"line":387,"column":69}}],"line":387},"34":{"loc":{"start":{"line":391,"column":11},"end":{"line":405,"column":5}},"type":"if","locations":[{"start":{"line":391,"column":11},"end":{"line":405,"column":5}},{"start":{},"end":{}}],"line":391},"35":{"loc":{"start":{"line":393,"column":6},"end":{"line":395,"column":7}},"type":"if","locations":[{"start":{"line":393,"column":6},"end":{"line":395,"column":7}},{"start":{},"end":{}}],"line":393},"36":{"loc":{"start":{"line":398,"column":6},"end":{"line":404,"column":7}},"type":"if","locations":[{"start":{"line":398,"column":6},"end":{"line":404,"column":7}},{"start":{},"end":{}}],"line":398},"37":{"loc":{"start":{"line":400,"column":8},"end":{"line":403,"column":9}},"type":"if","locations":[{"start":{"line":400,"column":8},"end":{"line":403,"column":9}},{"start":{},"end":{}}],"line":400},"38":{"loc":{"start":{"line":432,"column":4},"end":{"line":436,"column":5}},"type":"if","locations":[{"start":{"line":432,"column":4},"end":{"line":436,"column":5}},{"start":{},"end":{}}],"line":432},"39":{"loc":{"start":{"line":482,"column":4},"end":{"line":484,"column":5}},"type":"if","locations":[{"start":{"line":482,"column":4},"end":{"line":484,"column":5}},{"start":{},"end":{}}],"line":482},"40":{"loc":{"start":{"line":492,"column":4},"end":{"line":496,"column":5}},"type":"if","locations":[{"start":{"line":492,"column":4},"end":{"line":496,"column":5}},{"start":{},"end":{}}],"line":492},"41":{"loc":{"start":{"line":499,"column":4},"end":{"line":503,"column":5}},"type":"if","locations":[{"start":{"line":499,"column":4},"end":{"line":503,"column":5}},{"start":{},"end":{}}],"line":499},"42":{"loc":{"start":{"line":507,"column":4},"end":{"line":509,"column":5}},"type":"if","locations":[{"start":{"line":507,"column":4},"end":{"line":509,"column":5}},{"start":{},"end":{}}],"line":507},"43":{"loc":{"start":{"line":511,"column":4},"end":{"line":513,"column":5}},"type":"if","locations":[{"start":{"line":511,"column":4},"end":{"line":513,"column":5}},{"start":{},"end":{}}],"line":511},"44":{"loc":{"start":{"line":517,"column":4},"end":{"line":524,"column":5}},"type":"if","locations":[{"start":{"line":517,"column":4},"end":{"line":524,"column":5}},{"start":{},"end":{}}],"line":517},"45":{"loc":{"start":{"line":517,"column":8},"end":{"line":517,"column":82}},"type":"binary-expr","locations":[{"start":{"line":517,"column":8},"end":{"line":517,"column":18}},{"start":{"line":517,"column":22},"end":{"line":517,"column":44}},{"start":{"line":517,"column":48},"end":{"line":517,"column":82}}],"line":517},"46":{"loc":{"start":{"line":531,"column":35},"end":{"line":531,"column":64}},"type":"binary-expr","locations":[{"start":{"line":531,"column":35},"end":{"line":531,"column":57}},{"start":{"line":531,"column":61},"end":{"line":531,"column":64}}],"line":531},"47":{"loc":{"start":{"line":544,"column":4},"end":{"line":555,"column":5}},"type":"if","locations":[{"start":{"line":544,"column":4},"end":{"line":555,"column":5}},{"start":{},"end":{}}],"line":544},"48":{"loc":{"start":{"line":551,"column":21},"end":{"line":551,"column":53}},"type":"binary-expr","locations":[{"start":{"line":551,"column":21},"end":{"line":551,"column":40}},{"start":{"line":551,"column":44},"end":{"line":551,"column":53}}],"line":551},"49":{"loc":{"start":{"line":585,"column":4},"end":{"line":589,"column":5}},"type":"if","locations":[{"start":{"line":585,"column":4},"end":{"line":589,"column":5}},{"start":{},"end":{}}],"line":585},"50":{"loc":{"start":{"line":585,"column":8},"end":{"line":585,"column":69}},"type":"binary-expr","locations":[{"start":{"line":585,"column":8},"end":{"line":585,"column":39}},{"start":{"line":585,"column":43},"end":{"line":585,"column":69}}],"line":585},"51":{"loc":{"start":{"line":591,"column":4},"end":{"line":595,"column":5}},"type":"if","locations":[{"start":{"line":591,"column":4},"end":{"line":595,"column":5}},{"start":{},"end":{}}],"line":591},"52":{"loc":{"start":{"line":591,"column":8},"end":{"line":591,"column":56}},"type":"binary-expr","locations":[{"start":{"line":591,"column":8},"end":{"line":591,"column":29}},{"start":{"line":591,"column":33},"end":{"line":591,"column":56}}],"line":591},"53":{"loc":{"start":{"line":603,"column":32},"end":{"line":603,"column":52}},"type":"cond-expr","locations":[{"start":{"line":603,"column":40},"end":{"line":603,"column":45}},{"start":{"line":603,"column":48},"end":{"line":603,"column":52}}],"line":603},"54":{"loc":{"start":{"line":605,"column":4},"end":{"line":609,"column":5}},"type":"if","locations":[{"start":{"line":605,"column":4},"end":{"line":609,"column":5}},{"start":{},"end":{}}],"line":605},"55":{"loc":{"start":{"line":612,"column":4},"end":{"line":616,"column":5}},"type":"if","locations":[{"start":{"line":612,"column":4},"end":{"line":616,"column":5}},{"start":{},"end":{}}],"line":612},"56":{"loc":{"start":{"line":619,"column":4},"end":{"line":623,"column":5}},"type":"if","locations":[{"start":{"line":619,"column":4},"end":{"line":623,"column":5}},{"start":{},"end":{}}],"line":619},"57":{"loc":{"start":{"line":633,"column":4},"end":{"line":638,"column":5}},"type":"if","locations":[{"start":{"line":633,"column":4},"end":{"line":638,"column":5}},{"start":{},"end":{}}],"line":633},"58":{"loc":{"start":{"line":664,"column":4},"end":{"line":669,"column":5}},"type":"if","locations":[{"start":{"line":664,"column":4},"end":{"line":669,"column":5}},{"start":{},"end":{}}],"line":664},"59":{"loc":{"start":{"line":689,"column":4},"end":{"line":691,"column":5}},"type":"if","locations":[{"start":{"line":689,"column":4},"end":{"line":691,"column":5}},{"start":{},"end":{}}],"line":689},"60":{"loc":{"start":{"line":699,"column":4},"end":{"line":703,"column":5}},"type":"if","locations":[{"start":{"line":699,"column":4},"end":{"line":703,"column":5}},{"start":{},"end":{}}],"line":699},"61":{"loc":{"start":{"line":706,"column":4},"end":{"line":710,"column":5}},"type":"if","locations":[{"start":{"line":706,"column":4},"end":{"line":710,"column":5}},{"start":{},"end":{}}],"line":706},"62":{"loc":{"start":{"line":713,"column":4},"end":{"line":717,"column":5}},"type":"if","locations":[{"start":{"line":713,"column":4},"end":{"line":717,"column":5}},{"start":{},"end":{}}],"line":713},"63":{"loc":{"start":{"line":725,"column":4},"end":{"line":731,"column":5}},"type":"if","locations":[{"start":{"line":725,"column":4},"end":{"line":731,"column":5}},{"start":{},"end":{}}],"line":725},"64":{"loc":{"start":{"line":727,"column":6},"end":{"line":730,"column":7}},"type":"if","locations":[{"start":{"line":727,"column":6},"end":{"line":730,"column":7}},{"start":{},"end":{}}],"line":727}},"s":{"0":1,"1":0,"2":0,"3":0,"4":0,"5":0,"6":0,"7":0,"8":0,"9":0,"10":0,"11":0,"12":0,"13":0,"14":0,"15":0,"16":0,"17":0,"18":0,"19":0,"20":0,"21":0,"22":0,"23":0,"24":0,"25":0,"26":0,"27":0,"28":0,"29":0,"30":1,"31":0,"32":0,"33":0,"
[...]
:0,"36":0,"37":0,"38":0,"39":0,"40":0,"41":0,"42":0,"43":0,"44":0,"45":0,"46":0,"47":0,"48":0,"49":0,"50":0,"51":0,"52":0,"53":0,"54":0,"55":0,"56":0,"57":0,"58":0,"59":0,"60":0,"61":0,"62":0,"63":0,"64":0,"65":0,"66":0,"67":0,"68":0,"69":0,"70":0,"71":0,"72":0,"73":0,"74":0,"75":0,"76":0,"77":0,"78":0,"79":0,"80":0,"81":0,"82":0,"83":0,"84":0,"85":0,"86":0,"87":0,"88":0,"89":0,"90":0,"91":0,"92":0,"93":0,"94":0,"95":0,"96":0,"97":0,"98":0,"99":0,"100":0,"101":0,"102":0,"103":0,"104":0,"105":0,"106":0,"107":0,"108":0,"109":0,"110":0,"111":0,"112":0,"113":0,"114":0,"115":0,"116":0,"117":0,"118":0,"119":0,"120":0,"121":0,"122":0,"123":0,"124":0,"125":0,"126":0,"127":0,"128":0,"129":0,"130":0,"131":0,"132":0,"133":0,"134":0,"135":0,"136":0,"137":0,"138":0,"139":0,"140":0,"141":0,"142":0,"143":0,"144":0,"145":0,"146":0,"147":0,"148":0,"149":0,"150":0,"151":0,"152":0,"153":0,"154":0,"155":0,"156":0,"157":0,"158":0,"159":0,"160":0,"161":0,"162":0,"163":0,"164":0,"165":0,"166":0,"167":0,"168":0,"169":0,"170":0,"171":0,"172":0,"173":0,"174":0,"175":0,"176":0,"177":0,"178":0,"179":0,"180":0},"f":{"0":0,"1":0,"2":0,"3":0,"4":0,"5":0,"6":0,"7":0},"b":{"0":[0,0],"1":[0,0],"2":[0,0],"3":[0,0],"4":[0,0,0,0,0],"5":[0,0],"6":[0,0],"7":[0,0],"8":[0,0],"9":[0,0],"10":[0,0],"11":[0,0],"12":[0,0],"13":[0,0],"14":[0,0],"15":[0,0],"16":[0,0],"17":[0,0],"18":[0,0],"19":[0,0],"20":[0,0],"21":[0,0],"22":[0,0],"23":[0,0],"24":[0,0],"25":[0,0],"26":[0,0],"27":[0,0],"28":[0,0],"29":[0,0],"30":[0,0]}},"D:\\cnpm\\CNPM-3\\CNPM\\DroneDelivery-main\\BackEnd\\controllers\\item.controllers.js":{"path":"D:\\cnpm\\CNPM-3\\CNPM\\DroneDelivery-main\\BackEnd\\controllers\\item.controllers.js","statementMap":{"0":{"start":{"line":5,"column":23},"end":{"line":63,"column":1}},"1":{"start":{"line":6,"column":2},"end":{"line":62,"column":3}},"2":{"start":{"line":7,"column":55},"end":{"line":7,"column":63}},"3":{"start":{"line":10,"column":4},"end":{"line":14,"column":5}},"4":{"start":{"line":11,"column":6},"end":{"line":13,"column":9}},"5":{"start":{"line":16,"column":4},"end":{"line":20,"column":5}},"6":{"start":{"line":17,"column":6},"end":{"line":19,"column":9}},"7":{"start":{"line":23,"column":4},"end":{"line":28,"column":5}},"8":{"start":{"line":24,"column":6},"end":{"line":24,"column":54}},"9":{"start":{"line":25,"column":6},"end":{"line":27,"column":7}},"10":{"start":{"line":26,"column":8},"end":{"line":26,"column":75}},"11":{"start":{"line":30,"column":17},"end":{"line":30,"column":58}},"12":{"start":{"line":31,"column":4},"end":{"line":33,"column":5}},"13":{"start":{"line":32,"column":6},"end":{"line":32,"column":65}},"14":{"start":{"line":35,"column":17},"end":{"line":46,"column":6}},"15":{"start":{"line":48,"column":4},"end":{"line":48,"column":30}},"16":{"start":{"line":49,"column":4},"end":{"line":49,"column":22}},"17":{"start":{"line":50,"column":4},"end":{"line":50,"column":33}},"18":{"start":{"line":51,"column":4},"end":{"line":54,"column":7}},"19":{"start":{"line":56,"column":4},"end":{"line":56,"column":38}},"20":{"start":{"line":58,"column":4},"end":{"line":58,"column":44}},"21":{"start":{"line":59,"column":4},"end":{"line":61,"column":61}},"22":{"start":{"line":65,"column":24},"end":{"line":106,"column":1}},"23":{"start":{"line":66,"column":2},"end":{"line":105,"column":3}},"24":{"start":{"line":67,"column":19},"end":{"line":67,"column":36}},"25":{"start":{"line":68,"column":55},"end":{"line":68,"column":63}},"26":{"start":{"line":70,"column":4},"end":{"line":75,"column":5}},"27":{"start":{"line":71,"column":6},"end":{"line":71,"column":54}},"28":{"start":{"line":72,"column":6},"end":{"line":74,"column":7}},"29":{"start":{"line":73,"column":8},"end":{"line":73,"column":75}},"30":{"start":{"line":77,"column":23},"end":{"line":82,"column":5}},"31":{"start":{"line":84,"column":4},"end":{"line":86,"column":5}},"32":{"start":{"line":85,"column":6},"end":{"line":85,"column":31}},"33":{"start":{"line":88,"column":4},"end":{"line":90,"column":5}},"34":{"start":{"line":89,"column":6},"end":{"line":89,"column":39}},"35":{"start":{"line":92,"column":17},"end":{"line":94,"column":6}},"36":{"start":{"line":95,"column":4},"end":{"line":97,"column":5}},"37":{"start":{"line":96,"column":6},"end":{"line":96,"column":65}},"38":{"start":{"line":98,"column":17},"end":{"line":101,"column":6}},"39":{"start":{"line":102,"column":4},"end":{"line":102,"column":38}},"40":{"start":{"line":104,"column":4},"end":{"line":104,"column":73}},"41":{"start":{"line":108,"column":28},"end":{"line":119,"column":1}},"42":{"start":{"line":109,"column":2},"end":{"line":118,"column":3}},"43":{"start":{"line":110,"column":19},"end":{"line":110,"column":36}},"44":{"start":{"line":111,"column":17},"end":{"line":111,"column":44}},"45":{"start":{"line":112,"column":4},"end":{"line":114,"column":5}},"46":{"start":{"line":113,"column":6},"end":{"line":113,"column":65}},"47":{"start":{"line":115,"column":4},"end":{"line":115,"column":38}},"48":{"start":{"line":117,"column":4},"end":{"line":117,"column":72}},"49":{"start":{"line":121,"column":26},"end":{"line":142,"column":1}},"50":{"start":{"line":122,"column":2},"end":{"line":141,"column":3}},"51":{"start":{"line":123,"column":19},"end":{"line":123,"column":36}},"52":{"start":{"line":124,"column":17},"end":{"line":124,"column":53}},"53":{"start":{"line":125,"column":4},"end":{"line":127,"column":5}},"54":{"start":{"line":126,"column":6},"end":{"line":126,"column":65}},"55":{"start":{"line":128,"column":17},"end":{"line":128,"column":58}},"56":{"start":{"line":129,"column":4},"end":{"line":131,"column":6}},"57":{"start":{"line":130,"column":13},"end":{"line":130,"column":53}},"58":{"start":{"line":133,"column":4},"end":{"line":133,"column":22}},"59":{"start":{"line":134,"column":4},"end":{"line":137,"column":7}},"60":{"start":{"line":138,"column":4},"end":{"line":138,"column":38}},"61":{"start":{"line":140,"column":4},"end":{"line":140,"column":75}},"62":{"start":{"line":144,"column":33},"end":{"line":171,"column":1}},"63":{"start":{"line":145,"column":2},"end":{"line":170,"column":3}},"64":{"start":{"line":147,"column":18},"end":{"line":150,"column":16}},"65":{"start":{"line":152,"column":4},"end":{"line":154,"column":5}},"66":{"start":{"line":153,"column":6},"end":{"line":153,"column":65}},"67":{"start":{"line":157,"column":30},"end":{"line":163,"column":6}},"68":{"start":{"line":158,"column":51},"end":{"line":158,"column":66}},"69":{"start":{"line":159,"column":6},"end":{"line":162,"column":8}},"70":{"start":{"line":165,"column":4},"end":{"line":165,"column":51}},"71":{"start":{"line":167,"column":4},"end":{"line":169,"column":63}},"72":{"start":{"line":174,"column":27},"end":{"line":224,"column":1}},"73":{"start":{"line":175,"column":2},"end":{"line":223,"column":3}},"74":{"start":{"line":176,"column":64},"end":{"line":176,"column":73}},"75":{"start":{"line":178,"column":16},"end":{"line":178,"column":18}},"76":{"start":{"line":181,"column":4},"end":{"line":183,"column":5}},"77":{"start":{"line":182,"column":6},"end":{"line":182,"column":48}},"78":{"start":{"line":186,"column":4},"end":{"line":188,"column":5}},"79":{"start":{"line":187,"column":6},"end":{"line":187,"column":32}},"80":{"start":{"line":191,"column":4},"end":{"line":193,"column":5}},"81":{"start":{"line":192,"column":6},"end":{"line":192,"column":32}},"82":{"start":{"line":196,"column":4},"end":{"line":200,"column":5}},"83":{"start":{"line":197,"column":6},"end":{"line":197,"column":23}},"84":{"start":{"line":198,"column":6},"end":{"line":198,"column":56}},"85":{"start":{"line":198,"column":20},"end":{"line":198,"column":56}},"86":{"start":{"line":199,"column":6},"end":{"line":199,"column":56}},"87":{"start":{"line":199,"column":20},"end":{"line":199,"column":56}},"88":{"start":{"line":202,"column":16},"end":{"line":207,"column":30}},"89":{"start":{"line":210,"column":4},"end":{"line":215,"column":5}},"90":{"start":{"line":211,"column":6},"end":{"line":214,"column":8}},"91":{"start":{"line":213,"column":10},"end":{"line":213,"column":80}},"92":{"start":{"line":217,"column":4},"end":{"line":217,"column":39}},"93":{"start":{"line":219,"column":4},"end":{"line":219,"column":48}},"94":{"start":{"line":220,"column":4},"end":{"line":222,"column":65}},"95":{"start":{"line":227,"column":34},"end":{"line":242,"column":1}},"96":{"start":{"line":228,"column":2},"end":{"line":241,"column":3}},"97":{"start":{"line":229,"column":25},"end":{"line":229,"column":35}},"98":{"start":{"line":231,"column":18},"end":{"line":233,"column":30}},"99":{"start":{"line":235,"column":4},"end":{"line":235,"column":39}},"100":{"start":{"line":237,"column":4},"end":{"line":237,"column":57}},"101":{"start":{"line":238,"column":4},"end":{"line":240,"column":74}},"102":{"start":{"line":245,"column":31},"end":{"line":272,"column":1}},"103":{"start":{"line":246,"column":2},"end":{"line":271,"column":3}},"104":{"start":{"line":247,"column":23},"end":{"line":247,"column":33}},"105":{"start":{"line":248,"column":22},"end":{"line":248,"column":30}},"106":{"start":{"line":250,"column":4},"end":{"line":252,"column":5}},"107":{"start":{"line":251,"column":6},"end":{"line":251,"column":70}},"108":{"start":{"line":254,"column":17},"end":{"line":254,"column":79}},"109":{"start":{"line":256,"column":4},"end":{"line":258,"column":5}},"110":{"start":{"line":257,"column":6},"end":{"line":257,"column":65}},"111":{"start":{"line":260,"column":17},"end":{"line":263,"column":6}},"112":{"start":{"line":265,"column":4},"end":{"line":265,"column":38}},"113":{"start":{"line":267,"column":4},"end":{"line":267,"column":53}},"114":{"start":{"line":268,"column":4},"end":{"line":270,"column":70}}},"fnMap":{"0":{"name":"(anonymous_0)","decl":{"start":{"line":5,"column":23},"end":{"line":5,"column":24}},"loc":{"start":{"line":5,"column":43},"end":{"line":63,"column":1}},"line":5},"1":{"name":"(anonymous_1)","decl":{"start":{"line":65,"column":24},"end":{"line":65,"column":25}},"loc":{"start":{"line":65,"column":44},"end":{"line":106,"column":1}},"line":65},"2":{"name":"(anonymous_2)","decl":{"start":{"line":108,"column":28},"end":{"line":108,"column":29}},"loc":{"start":{"line":108,"column":48},"end":{"line":119,"column":1}},"line":108},"3":{"name":"(anonymous_3)","decl":{"start":{"line":121,"column":26},"end":{"line":121,"column":27}},"loc":{"start":{"line":121,"column":46},"end":{"line":142,"column":1}},"line":121},"4":{"name":"(anonymous_4)","decl":{"start":{"line":130,"column":6},"end":{"line":130,"column":7}},"loc":{"start":{"line":130,"column":13},"end":{"line":130,"column":53}},"line":130},"5":{"name":"(anonymous_5)","decl":{"start":{"line":144,"column":33},"end":{"line":144,"column":34}},"loc":{"start":{"line":144,"column":53},"end":{"line":171,"column":1}},"line":144},"6":{"name":"(anonymous_6)","decl":{"start":{"line":157,"column":40},"end":{"line":157,"column":41}},"loc":{"start":{"line":157,"column":50},"end":{"line":163,"column":5}},"line":157},"7":{"name":"(anonymous_7)","decl":{"start":{"line":174,"column":27},"end":{"line":174,"column":28}},"loc":{"start":{"line":174,"column":47},"end":{"line":224,"column":1}},"line":174},"8":{"name":"(anonymous_8)","decl":{"start":{"line":212,"column":8},"end":{"line":212,"column":9}},"loc":{"start":{"line":213,"column":10},"end":{"line":213,"column":80}},"line":213},"9":{"name":"(anonymous_9)","decl":{"start":{"line":227,"column":34},"end":{"line":227,"column":35}},"loc":{"start":{"line":227,"column":54},"end":{"line":242,"column":1}},"line":227},"10":{"name":"(anonymous_10)","decl":{"start":{"line":245,"column":31},"end":{"line":245,"column":32}},"loc":{"start":{"line":245,"column":51},"end":{"line":272,"column":1}},"line":245}},"branchMap":{"0":{"loc":{"start":{"line":10,"column":4},"end":{"line":14,"column":5}},"type":"if","locations":[{"start":{"line":10,"column":4},"end":{"line":14,"column":5}},{"start":{},"end":{}}],"line":10},"1":{"loc":{"start":{"line":10,"column":8},"end":{"line":10,"column":36}},"type":"binary-expr","locations":[{"start":{"line":10,"column":8},"end":{"line":10,"column":13}},{"start":{"line":10,"column":17},"end":{"line":10,"column":26}},{"start":{"line":10,"column":30},"end":{"line":10,"column":36}}],"line":10},"2":{"loc":{"start":{"line":16,"column":4},"end":{"line":20,"column":5}},"type":"if","locations":[{"start":{"line":16,"column":4},"end":{"line":20,"column":5}},{"start":{},"end":{}}],"line":16},"3":{"loc":{"start":{"line":23,"column":4},"end":{"line":28,"column":5}},"type":"if","locations":[{"start":{"line":23,"column":4},"end":{"line":28,"column":5}},{"start":{},"end":{}}],"line":23},"4":{"loc":{"start":{"line":25,"column":6},"end":{"line":27,"column":7}},"type":"if","locations":[{"start":{"line":25,"column":6},"end":{"line":27,"column":7}},{"start":{},"end":{}}],"line":25},"5":{"loc":{"start":{"line":31,"column":4},"end":{"line":33,"column":5}},"type":"if","locations":[{"start":{"line":31,"column":4},"end":{"line":33,"column":5}},{"start":{},"end":{}}],"line":31},"6":{"loc":{"start":{"line":38,"column":16},"end":{"line":38,"column":33}},"type":"binary-expr","locations":[{"start":{"line":38,"column":16},"end":{"line":38,"column":24}},{"start":{"line":38,"column":28},"end":{"line":38,"column":33}}],"line":38},"7":{"loc":{"start":{"line":43,"column":8},"end":{"line":45,"column":15}},"type":"cond-expr","locations":[{"start":{"line":44,"column":12},"end":{"line":44,"column":25}},{"start":{"line":45,"column":12},"end":{"line":45,"column":15}}],"line":43},"8":{"loc":{"start":{"line":43,"column":8},"end":{"line":43,"column":61}},"type":"binary-expr","locations":[{"start":{"line":43,"column":8},"end":{"line":43,"column":27}},{"start":{"line":43,"column":31},"end":{"line":43,"column":45}},{"start":{"line":43,"column":49},"end":{"line":43,"column":61}}],"line":43},"9":{"loc":{"start":{"line":70,"column":4},"end":{"line":75,"column":5}},"type":"if","locations":[{"start":{"line":70,"column":4},"end":{"line":75,"column":5}},{"start":{},"end":{}}],"line":70},"10":{"loc":{"start":{"line":72,"column":6},"end":{"line":74,"column":7}},"type":"if","locations":[{"start":{"line":72,"column":6},"end":{"line":74,"column":7}},{"start":{},"end":{}}],"line":72},"11":{"loc":{"start":{"line":84,"column":4},"end":{"line":86,"column":5}},"type":"if","locations":[{"start":{"line":84,"column":4},"end":{"line":86,"column":5}},{"start":{},"end":{}}],"line":84},"12":{"loc":{"start":{"line":88,"column":4},"end":{"line":90,"column":5}},"type":"if","locations":[{"start":{"line":88,"column":4},"end":{"line":90,"column":5}},{"start":{},"end":{}}],"line":88},"13":{"loc":{"start":{"line":88,"column":8},"end":{"line":88,"column":61}},"type":"binary-expr","locations":[{"start":{"line":88,"column":8},"end":{"line":88,"column":27}},{"start":{"line":88,"column":31},"end":{"line":88,"column":45}},{"start":{"line":88,"column":49},"end":{"line":88,"column":61}}],"line":88},"14":{"loc":{"start":{"line":95,"column":4},"end":{"line":97,"column":5}},"type":"if","locations":[{"start":{"line":95,"column":4},"end":{"line":97,"column":5}},{"start":{},"end":{}}],"line":95},"15":{"loc":{"start":{"line":112,"column":4},"end":{"line":114,"column":5}},"type":"if","locations":[{"start":{"line":112,"column":4},"end":{"line":114,"column":5}},{"start":{},"end":{}}],"line":112},"16":{"loc":{"start":{"line":125,"column":4},"end":{"line":127,"column":5}},"type":"if","locations":[{"start":{"line":125,"column":4},"end":{"line":127,"column":5}},{"start":{},"end":{}}],"line":125},"17":{"loc":{"start":{"line":152,"column":4},"end":{"line":154,"column":5}},"type":"if","locations":[{"start":{"line":152,"column":4},"end":{"line":154,"column":5}},{"start":{},"end":{}}],"line":152},"18":{"loc":{"start":{"line":152,"column":8},"end":{"line":152,"column":36}},"type":"binary-expr","locations":[{"start":{"line":152,"column":8},"end":{"line":152,"column":14}},{"start":{"line":152,"column":18},"end":{"line":152,"column":36}}],"line":152},"19":{"loc":{"start":{"line":161,"column":18},"end":{"line":161,"column":51}},"type":"binary-expr","locations":[{"start":{"line":161,"column":18},"end":{"line":161,"column":33}},{"start":{"line":161,"column":37},"end":{"line":161,"column":51}}],"line":161},"20":{"loc":{"start":{"line":181,"column":4},"end":{"line":183,"column":5}},"type":"if","locations":[{"start":{"line":181,"column":4},"end":{"line":183,"column":5}},{"start":{},"end":{}}],"line":181},"21":{"loc":{"start":{"line":186,"column":4},"end":{"line":188,"column":5}},"type":"if","locations":[{"start":{"line":186,"column":4},"end":{"line":188,"column":5}},{"start":{},"end":{}}],"line":186},"22":{"loc":{"start":{"line":191,"column":4},"end":{"line":193,"column":5}},"type":"if","locations":[{"start":{"line":191,"column":4},"end":{"line":193,"column":5}},{"start":{},"end":{}}],"line":191},"23":{"loc":{"start":{"line":196,"column":4},"end":{"line":200,"column":5}},"type":"if","locations":[{"start":{"line":196,"column":4},"end":{"line":200,"column":5}},{"start":{},"end":{}}],"line":196},"24":{"loc":{"start":{"line":196,"column":8},"end":{"line":196,"column":28}},"type":"binary-expr","locations":[{"start":{"line":196,"column":8},"end":{"line":196,"column":16}},{"start":{"line":196,"column":20},"end":{"line":196,"column":28}}],"line":196},"25":{"loc":{"start":{"line":198,"column":6},"end":{"line":198,"column":56}},"type":"if","locations":[{"start":{"line":198,"column":6},"end":{"line":198,"column":56}},{"start":{},"end":{}}],"line":198},"26":{"loc":{"start":{"line":199,"column":6},"end":{"line":199,"column":56}},"type":"if","locations":[{"start":{"line":199,"column":6},"end":{"line":199,"column":56}},{"start":{},"end":{}}],"line":199},"27":{"loc":{"start":{"line":210,"column":4},"end":{"line":215,"column":5}},"type":"if","locations":[{"start":{"line":210,"column":4},"end":{"line":215,"column":5}},{"start":{},"end":{}}],"line":210},"28":{"loc":{"start":{"line":213,"column":10},"end":{"line":213,"column":80}},"type":"binary-expr","locations":[{"start":{"line":213,"column":10},"end":{"line":213,"column":19}},{"start":{"line":213,"column":23},"end":{"line":213,"column":80}}],"line":213},"29":{"loc":{"start":{"line":250,"column":4},"end":{"line":252,"column":5}},"type":"if","locations":[{"start":{"line":250,"column":4},"end":{"line":252,"column":5}},{"start":{},"end":{}}],"line":250},"30":{"loc":{"start":{"line":250,"column":8},"end":{"line":250,"column":40}},"type":"binary-expr","locations":[{"start":{"line":250,"column":8},"end":{"line":250,"column":27}},{"start":{"line":250,"column":31},"end":{"line":250,"column":40}}],"line":250},"31":{"loc":{"start":{"line":256,"column":4},"end":{"line":258,"column":5}},"type":"if","locations":[{"start":{"line":256,"column":4},"end":{"line":258,"column":5}},{"start":{},"end":{}}],"line":256}},"s":{"0":0,"1":0,"2":0,"3":0,"4":0,"5":0,"6":0,"7":0,"8":0,"9":0,"10":0,"11":0,"12":0,"13":0,"14":0,"15":0,"16":0,"17":0,"18":0,"19":0,"20":0,"21":0,"22":0,"23":0,"24":0,"25":0,"26":0,"27":0,"28":0,"29":0,"30":0,"31":0,"32":0,"33":0,"34":0,"35":0,"36":0,"37":0,"38":0,"39":0,"40":0,"41":0,"42":0,"43":0,"44":0,"45":0,"46":0,"47":0,"48":0,"49":0,"50":0,"51":0,"52":0,"53":0,"54":0,"55":0,"56":0,"57":0,"58":0,"59":0,"60":0,"61":0,"62":0,"63":0,"64":0,"65":0,"66":0,"67":0,"68":0,"69":0,"70":0,"71":0,"72":0,"73":0,"74":0,"75":0,"76":0,"77":0,"78":0,"79":0,"80":0,"81":0,"82":0,"83":0,"84":0,"85":0,"86":0,"87":0,"88":0,"89":0,"90":0,"91":0,"92":0,"93":0,"94":0,"95":0,"96":0,"97":0,"98":0,"99":0,"100":0,"101":0,"102":0,"103":0,"104":0,"105":0,"106":0,"107":0,"108":0,"109":0,"110":0,"111":0,"112":0,"113":0,"114":0},"f":{"0":0,"1":0,"2":0,"3":0,"4":0,"5":0,"6":0,"7":0,"8":0,"9":0,"10":0},"b":{"0":[0,0],"1":[0,0,0],"2":[0,0],"3":[0,0],"4":[0,0],"5":[0,0],"6":[0,0],"7":[0,0],"8":[0,0,0],"9":[0,0],"10":[0,0],"11":[0,0],"12":[0,0],"13":[0,0,0],"14":[0,0],"15":[0,0],"16":[0,0],"17":[0,0],"18":[0,0],"19":[0,0],"20":[0,0],"21":[0,0],"22":[0,0],"23":[0,0],"24":[0,0],"25":[0,0],"26":[0,0],"27":[0,0],"28":[0,0],"29":[0,0],"30":[0,0],"31":[0,0]}}}}
